#
# A fatal error has been detected by the Java Runtime Environment:
#
#  EXCEPTION_ACCESS_VIOLATION (0xc0000005) at pc=0x75ef9b60, pid=4656, tid=6244
#
# JRE version: Java(TM) SE Runtime Environment (8.0_40-b26) (build 1.8.0_40-b26)
# Java VM: Java HotSpot(TM) Client VM (25.40-b25 mixed mode windows-x86 )
# Problematic frame:
# C  [msvcrt.dll+0x9b60]
#
# Failed to write core dump. Minidumps are not enabled by default on client versions of Windows
#
# If you would like to submit a bug report, please visit:
#   http://bugreport.java.com/bugreport/crash.jsp
# The crash happened outside the Java Virtual Machine in native code.
# See problematic frame for where to report the bug.
#

---------------  T H R E A D  ---------------

Current thread (0x15c9e000):  JavaThread "LWJGL Application" [_thread_in_native, id=6244, stack(0x16480000,0x164d0000)]

siginfo: ExceptionCode=0xc0000005, writing address 0x160a12e0

Registers:
EAX=0x0533f774, EBX=0x15c9e140, ECX=0x00000030, EDX=0x00000000
ESP=0x164cf5f0, EBP=0x164cf5f8, ESI=0x0533f6b4, EDI=0x160a12e0
EIP=0x75ef9b60, EFLAGS=0x00010216

Top of Stack: (sp=0x164cf5f0)
0x164cf5f0:   160a12e0 0533f6b4 164cf628 6cec3a6c
0x164cf600:   160a12e0 0533f6b4 000000c0 154012c1
0x164cf610:   164cf644 154058a0 00000000 153f2be8
0x164cf620:   153f2be8 15c9e000 164cf668 02eec0c3
0x164cf630:   15c9e140 164cf670 164cf684 164cf680
0x164cf640:   00000030 00000000 164cf648 00000000
0x164cf650:   164cf684 153f3770 00000000 153f2be8
0x164cf660:   00000000 164cf678 164cf6a8 02ee43b4 

Instructions: (pc=0x75ef9b60)
0x75ef9b40:   8b 45 08 5e 5f c9 c3 8a 46 03 88 47 03 8a 46 02
0x75ef9b50:   88 47 02 8a 46 01 88 47 01 8b 45 08 5e 5f c9 c3
0x75ef9b60:   f3 a5 ff 24 95 b8 99 ef 75 8a 06 88 07 8a 46 01
0x75ef9b70:   88 47 01 8b 45 08 5e 5f c9 c3 83 3d 44 00 f9 75 


Register to memory mapping:

EAX=
[error occurred during error reporting (printing register info), id 0xc0000005]

Stack: [0x16480000,0x164d0000],  sp=0x164cf5f0,  free space=317k
Native frames: (J=compiled Java code, j=interpreted, Vv=VM code, C=native code)
C  [msvcrt.dll+0x9b60]
C  [gdx.dll+0x3a6c]
j  com.badlogic.gdx.utils.BufferUtils.copyJni([FLjava/nio/Buffer;II)V+0
j  com.badlogic.gdx.utils.BufferUtils.copy([FLjava/nio/Buffer;II)V+35
j  com.badlogic.gdx.graphics.glutils.VertexBufferObject.setVertices([FII)V+12
j  com.badlogic.gdx.graphics.Mesh.setVertices([FII)Lcom/badlogic/gdx/graphics/Mesh;+7
j  com.badlogic.gdx.graphics.glutils.ImmediateModeRenderer20.flush()V+71
j  com.badlogic.gdx.graphics.glutils.ImmediateModeRenderer20.end()V+1
j  com.badlogic.gdx.graphics.glutils.ShapeRenderer.end()V+4
j  MainMenu.render(F)V+92
j  com.badlogic.gdx.Game.render()V+19
j  com.badlogic.gdx.backends.lwjgl.LwjglApplication.mainLoop()V+684
j  com.badlogic.gdx.backends.lwjgl.LwjglApplication$1.run()V+27
v  ~StubRoutines::call_stub
V  [jvm.dll+0x155c05]
V  [jvm.dll+0x21b0be]
V  [jvm.dll+0x155c9e]
V  [jvm.dll+0x155e26]
V  [jvm.dll+0x155e97]
V  [jvm.dll+0xfafaf]
V  [jvm.dll+0x178f3c]
V  [jvm.dll+0x17902a]
V  [jvm.dll+0x1bd616]
C  [msvcr100.dll+0x5c556]
C  [msvcr100.dll+0x5c600]
C  [kernel32.dll+0x1343d]
C  [ntdll.dll+0x39832]
C  [ntdll.dll+0x39805]
C  0x00000000

Java frames: (J=compiled Java code, j=interpreted, Vv=VM code)
j  com.badlogic.gdx.utils.BufferUtils.copyJni([FLjava/nio/Buffer;II)V+0
j  com.badlogic.gdx.utils.BufferUtils.copy([FLjava/nio/Buffer;II)V+35
j  com.badlogic.gdx.graphics.glutils.VertexBufferObject.setVertices([FII)V+12
j  com.badlogic.gdx.graphics.Mesh.setVertices([FII)Lcom/badlogic/gdx/graphics/Mesh;+7
j  com.badlogic.gdx.graphics.glutils.ImmediateModeRenderer20.flush()V+71
j  com.badlogic.gdx.graphics.glutils.ImmediateModeRenderer20.end()V+1
j  com.badlogic.gdx.graphics.glutils.ShapeRenderer.end()V+4
j  MainMenu.render(F)V+92
j  com.badlogic.gdx.Game.render()V+19
j  com.badlogic.gdx.backends.lwjgl.LwjglApplication.mainLoop()V+684
j  com.badlogic.gdx.backends.lwjgl.LwjglApplication$1.run()V+27
v  ~StubRoutines::call_stub

---------------  P R O C E S S  ---------------

Java Threads: ( => current thread )
  0x15cc1000 JavaThread "LWJGL Timer" daemon [_thread_blocked, id=6572, stack(0x16ea0000,0x16ef0000)]
  0x00f6c800 JavaThread "DestroyJavaVM" [_thread_blocked, id=6132, stack(0x011a0000,0x011f0000)]
=>0x15c9e000 JavaThread "LWJGL Application" [_thread_in_native, id=6244, stack(0x16480000,0x164d0000)]
  0x15547000 JavaThread "Service Thread" daemon [_thread_blocked, id=5444, stack(0x15a00000,0x15a50000)]
  0x1552b400 JavaThread "C1 CompilerThread0" daemon [_thread_blocked, id=5888, stack(0x157d0000,0x15820000)]
  0x154e4000 JavaThread "Monitor Ctrl-Break" daemon [_thread_in_native, id=7156, stack(0x02e60000,0x02eb0000)]
  0x154c8c00 JavaThread "Attach Listener" daemon [_thread_blocked, id=5540, stack(0x158e0000,0x15930000)]
  0x154c7c00 JavaThread "Signal Dispatcher" daemon [_thread_blocked, id=2448, stack(0x15780000,0x157d0000)]
  0x15482c00 JavaThread "Finalizer" daemon [_thread_blocked, id=1196, stack(0x15820000,0x15870000)]
  0x1547cc00 JavaThread "Reference Handler" daemon [_thread_blocked, id=6640, stack(0x156e0000,0x15730000)]

Other Threads:
  0x1547a000 VMThread [stack: 0x02d60000,0x02db0000] [id=4544]
  0x15552400 WatcherThread [stack: 0x15b80000,0x15bd0000] [id=6320]

VM state:not at safepoint (normal execution)

VM Mutex/Monitor currently owned by a thread: None

Heap:
 def new generation   total 4928K, used 4336K [0x05000000, 0x05550000, 0x0a550000)
  eden space 4416K,  86% used [0x05000000, 0x053bc258, 0x05450000)
  from space 512K, 100% used [0x05450000, 0x054d0000, 0x054d0000)
  to   space 512K,   0% used [0x054d0000, 0x054d0000, 0x05550000)
 tenured generation   total 10944K, used 1247K [0x0a550000, 0x0b000000, 0x15000000)
   the space 10944K,  11% used [0x0a550000, 0x0a687e10, 0x0a688000, 0x0b000000)
 Metaspace       used 4408K, capacity 4417K, committed 4480K, reserved 4480K

Card table byte_map: [0x01000000,0x01090000] byte_map_base: 0x00fd8000

Polling page: 0x00c00000

CodeCache: size=32768Kb used=1034Kb max_used=1034Kb free=31733Kb
 bounds [0x02ee0000, 0x02fe8000, 0x04ee0000]
 total_blobs=457 nmethods=186 adapters=202
 compilation: enabled

Compilation events (10 events):
Event: 4.899 Thread 0x1552b400  183             com.badlogic.gdx.backends.lwjgl.LwjglGL20::glDisableVertexAttribArray (5 bytes)
Event: 4.899 Thread 0x1552b400 nmethod 183 0x02fe0748 code [0x02fe0880, 0x02fe0ac0]
Event: 4.899 Thread 0x1552b400  184             org.lwjgl.opengl.GL20::glDisableVertexAttribArray (19 bytes)
Event: 4.900 Thread 0x1552b400 nmethod 184 0x02fe0dc8 code [0x02fe0f00, 0x02fe1130]
Event: 4.929 Thread 0x1552b400  185             com.badlogic.gdx.graphics.Mesh::getIndicesBuffer (10 bytes)
Event: 4.929 Thread 0x1552b400 nmethod 185 0x02fe1388 code [0x02fe1490, 0x02fe152c]
Event: 4.929 Thread 0x1552b400  186             org.lwjgl.opengl.GL20::glVertexAttribPointer (63 bytes)
Event: 4.930 Thread 0x1552b400 nmethod 186 0x02fe1588 code [0x02fe1720, 0x02fe1c04]
Event: 4.930 Thread 0x1552b400  187             com.badlogic.gdx.utils.Pools::get (37 bytes)
Event: 4.931 Thread 0x1552b400 nmethod 187 0x02fe2588 code [0x02fe26c0, 0x02fe2890]

GC Heap History (4 events):
Event: 0.319 GC heap before
{Heap before GC invocations=0 (full 0):
 def new generation   total 4928K, used 4416K [0x05000000, 0x05550000, 0x0a550000)
  eden space 4416K, 100% used [0x05000000, 0x05450000, 0x05450000)
  from space 512K,   0% used [0x05450000, 0x05450000, 0x054d0000)
  to   space 512K,   0% used [0x054d0000, 0x054d0000, 0x05550000)
 tenured generation   total 10944K, used 0K [0x0a550000, 0x0b000000, 0x15000000)
   the space 10944K,   0% used [0x0a550000, 0x0a550000, 0x0a550200, 0x0b000000)
 Metaspace       used 2731K, capacity 2768K, committed 2880K, reserved 4480K
Event: 0.321 GC heap after
Heap after GC invocations=1 (full 0):
 def new generation   total 4928K, used 512K [0x05000000, 0x05550000, 0x0a550000)
  eden space 4416K,   0% used [0x05000000, 0x05000000, 0x05450000)
  from space 512K, 100% used [0x054d0000, 0x05550000, 0x05550000)
  to   space 512K,   0% used [0x05450000, 0x05450000, 0x054d0000)
 tenured generation   total 10944K, used 443K [0x0a550000, 0x0b000000, 0x15000000)
   the space 10944K,   4% used [0x0a550000, 0x0a5bed18, 0x0a5bee00, 0x0b000000)
 Metaspace       used 2731K, capacity 2768K, committed 2880K, reserved 4480K
}
Event: 0.641 GC heap before
{Heap before GC invocations=1 (full 0):
 def new generation   total 4928K, used 4928K [0x05000000, 0x05550000, 0x0a550000)
  eden space 4416K, 100% used [0x05000000, 0x05450000, 0x05450000)
  from space 512K, 100% used [0x054d0000, 0x05550000, 0x05550000)
  to   space 512K,   0% used [0x05450000, 0x05450000, 0x054d0000)
 tenured generation   total 10944K, used 443K [0x0a550000, 0x0b000000, 0x15000000)
   the space 10944K,   4% used [0x0a550000, 0x0a5bed18, 0x0a5bee00, 0x0b000000)
 Metaspace       used 3764K, capacity 3809K, committed 3904K, reserved 4480K
Event: 0.644 GC heap after
Heap after GC invocations=2 (full 0):
 def new generation   total 4928K, used 512K [0x05000000, 0x05550000, 0x0a550000)
  eden space 4416K,   0% used [0x05000000, 0x05000000, 0x05450000)
  from space 512K, 100% used [0x05450000, 0x054d0000, 0x054d0000)
  to   space 512K,   0% used [0x054d0000, 0x054d0000, 0x05550000)
 tenured generation   total 10944K, used 1247K [0x0a550000, 0x0b000000, 0x15000000)
   the space 10944K,  11% used [0x0a550000, 0x0a687e10, 0x0a688000, 0x0b000000)
 Metaspace       used 3764K, capacity 3809K, committed 3904K, reserved 4480K
}

Deoptimization events (0 events):
No events

Internal exceptions (10 events):
Event: 0.198 Thread 0x00f6c800 Exception <a 'java/security/PrivilegedActionException'> (0x052eede0) thrown at [C:\re\workspace\8-2-build-windows-i586-cygwin\jdk8u40\3098\hotspot\src\share\vm\prims\jvm.cpp, line 1382]
Event: 0.198 Thread 0x00f6c800 Exception <a 'java/security/PrivilegedActionException'> (0x052eef90) thrown at [C:\re\workspace\8-2-build-windows-i586-cygwin\jdk8u40\3098\hotspot\src\share\vm\prims\jvm.cpp, line 1382]
Event: 0.199 Thread 0x00f6c800 Exception <a 'java/security/PrivilegedActionException'> (0x052f2a60) thrown at [C:\re\workspace\8-2-build-windows-i586-cygwin\jdk8u40\3098\hotspot\src\share\vm\prims\jvm.cpp, line 1382]
Event: 0.199 Thread 0x00f6c800 Exception <a 'java/security/PrivilegedActionException'> (0x052f2c10) thrown at [C:\re\workspace\8-2-build-windows-i586-cygwin\jdk8u40\3098\hotspot\src\share\vm\prims\jvm.cpp, line 1382]
Event: 0.332 Thread 0x00f6c800 Exception <a 'java/security/PrivilegedActionException'> (0x0501c840) thrown at [C:\re\workspace\8-2-build-windows-i586-cygwin\jdk8u40\3098\hotspot\src\share\vm\prims\jvm.cpp, line 1382]
Event: 0.332 Thread 0x00f6c800 Exception <a 'java/security/PrivilegedActionException'> (0x0501e228) thrown at [C:\re\workspace\8-2-build-windows-i586-cygwin\jdk8u40\3098\hotspot\src\share\vm\prims\jvm.cpp, line 1382]
Event: 0.333 Thread 0x00f6c800 Exception <a 'java/security/PrivilegedActionException'> (0x0501f1e0) thrown at [C:\re\workspace\8-2-build-windows-i586-cygwin\jdk8u40\3098\hotspot\src\share\vm\prims\jvm.cpp, line 1382]
Event: 0.333 Thread 0x00f6c800 Exception <a 'java/security/PrivilegedActionException'> (0x05023f50) thrown at [C:\re\workspace\8-2-build-windows-i586-cygwin\jdk8u40\3098\hotspot\src\share\vm\prims\jvm.cpp, line 1382]
Event: 0.333 Thread 0x00f6c800 Exception <a 'java/security/PrivilegedActionException'> (0x05024a70) thrown at [C:\re\workspace\8-2-build-windows-i586-cygwin\jdk8u40\3098\hotspot\src\share\vm\prims\jvm.cpp, line 1382]
Event: 0.333 Thread 0x00f6c800 Exception <a 'java/security/PrivilegedActionException'> (0x05025550) thrown at [C:\re\workspace\8-2-build-windows-i586-cygwin\jdk8u40\3098\hotspot\src\share\vm\prims\jvm.cpp, line 1382]

Events (10 events):
Event: 1.695 loading class com/badlogic/gdx/utils/FloatArray done
Event: 1.710 loading class org/lwjgl/opengl/Sync
Event: 1.710 loading class org/lwjgl/opengl/Sync done
Event: 1.711 loading class org/lwjgl/opengl/Sync$RunningAvg
Event: 1.711 loading class org/lwjgl/opengl/Sync$RunningAvg done
Event: 1.712 loading class org/lwjgl/opengl/Sync$1
Event: 1.712 loading class org/lwjgl/opengl/Sync$1 done
Event: 1.713 Thread 0x15cc1000 Thread added: 0x15cc1000
Event: 4.242 Executing VM operation: EnableBiasedLocking
Event: 4.243 Executing VM operation: EnableBiasedLocking done


Dynamic libraries:
0x01340000 - 0x01373000 	C:\Program Files (x86)\BlueJ\jdk\bin\java.exe
0x76f50000 - 0x770d0000 	C:\WINDOWS\SysWOW64\ntdll.dll
0x74c40000 - 0x74d50000 	C:\WINDOWS\syswow64\kernel32.dll
0x75d50000 - 0x75d97000 	C:\WINDOWS\syswow64\KERNELBASE.dll
0x769d0000 - 0x76a71000 	C:\WINDOWS\syswow64\ADVAPI32.dll
0x75ef0000 - 0x75f9c000 	C:\WINDOWS\syswow64\msvcrt.dll
0x74d70000 - 0x74d89000 	C:\WINDOWS\SysWOW64\sechost.dll
0x761f0000 - 0x762e0000 	C:\WINDOWS\syswow64\RPCRT4.dll
0x74800000 - 0x74860000 	C:\WINDOWS\syswow64\SspiCli.dll
0x747f0000 - 0x747fc000 	C:\WINDOWS\syswow64\CRYPTBASE.dll
0x75b20000 - 0x75c20000 	C:\WINDOWS\syswow64\USER32.dll
0x76150000 - 0x761e0000 	C:\WINDOWS\syswow64\GDI32.dll
0x74d50000 - 0x74d5a000 	C:\WINDOWS\syswow64\LPK.dll
0x76430000 - 0x764cd000 	C:\WINDOWS\syswow64\USP10.dll
0x72ae0000 - 0x72c7e000 	C:\WINDOWS\WinSxS\x86_microsoft.windows.common-controls_6595b64144ccf1df_6.0.7601.18837_none_41e855142bd5705d\COMCTL32.dll
0x76ac0000 - 0x76b17000 	C:\WINDOWS\syswow64\SHLWAPI.dll
0x76970000 - 0x769d0000 	C:\WINDOWS\system32\IMM32.DLL
0x74b20000 - 0x74bed000 	C:\WINDOWS\syswow64\MSCTF.dll
0x742d0000 - 0x74361000 	C:\WINDOWS\SysWOW64\tmumh\20019\AddOn\7.0.0.1142\TmUmEvt.dll
0x76b60000 - 0x76b65000 	C:\WINDOWS\syswow64\PSAPI.DLL
0x741d0000 - 0x742c2000 	C:\WINDOWS\SysWOW64\tmumh\20019\TmMon\2.5.0.2070\tmmon.dll
0x6dbe0000 - 0x6dc9f000 	C:\Program Files (x86)\BlueJ\jdk\jre\bin\msvcr100.dll
0x6d820000 - 0x6dbe0000 	C:\Program Files (x86)\BlueJ\jdk\jre\bin\client\jvm.dll
0x72d40000 - 0x72d47000 	C:\WINDOWS\system32\WSOCK32.dll
0x75ae0000 - 0x75b15000 	C:\WINDOWS\syswow64\WS2_32.dll
0x761e0000 - 0x761e6000 	C:\WINDOWS\syswow64\NSI.dll
0x72ca0000 - 0x72cd2000 	C:\WINDOWS\system32\WINMM.dll
0x72d30000 - 0x72d39000 	C:\WINDOWS\system32\VERSION.dll
0x73180000 - 0x7318c000 	C:\Program Files (x86)\BlueJ\jdk\jre\bin\verify.dll
0x73150000 - 0x73171000 	C:\Program Files (x86)\BlueJ\jdk\jre\bin\java.dll
0x73110000 - 0x73130000 	C:\Program Files (x86)\BlueJ\jdk\jre\bin\instrument.dll
0x73130000 - 0x73143000 	C:\Program Files (x86)\BlueJ\jdk\jre\bin\zip.dll
0x74e20000 - 0x75a6c000 	C:\WINDOWS\syswow64\SHELL32.dll
0x76740000 - 0x7689d000 	C:\WINDOWS\syswow64\ole32.dll
0x76b50000 - 0x76b5b000 	C:\WINDOWS\syswow64\profapi.dll
0x730f0000 - 0x73106000 	E:\IntelliJ\IntelliJ IDEA Community Edition 2017.3.5\bin\breakgen.dll
0x730d0000 - 0x730e5000 	C:\Program Files (x86)\BlueJ\jdk\jre\bin\net.dll
0x72cf0000 - 0x72d2c000 	C:\WINDOWS\system32\mswsock.dll
0x730c0000 - 0x730c6000 	C:\WINDOWS\System32\wship6.dll
0x6cec0000 - 0x6cf33000 	C:\Users\1836951\AppData\Local\Temp\libgdx1836951\8e8a55dd\gdx.dll
0x72e90000 - 0x72ea7000 	C:\WINDOWS\system32\CRYPTSP.dll
0x71110000 - 0x7114b000 	C:\WINDOWS\system32\rsaenh.dll
0x76a80000 - 0x76a97000 	C:\WINDOWS\syswow64\USERENV.dll
0x726c0000 - 0x726dc000 	C:\WINDOWS\system32\IPHLPAPI.DLL
0x726b0000 - 0x726b7000 	C:\WINDOWS\system32\WINNSI.DLL
0x745f0000 - 0x745fd000 	C:\WINDOWS\system32\dhcpcsvc6.DLL
0x745d0000 - 0x745e2000 	C:\WINDOWS\system32\dhcpcsvc.DLL
0x730b0000 - 0x730bf000 	C:\Program Files (x86)\BlueJ\jdk\jre\bin\nio.dll
0x02db0000 - 0x02dff000 	C:\Users\1836951\AppData\Local\Temp\libgdx1836951\68069333\lwjgl.dll
0x6d750000 - 0x6d818000 	C:\WINDOWS\system32\OPENGL32.dll
0x73080000 - 0x730a2000 	C:\WINDOWS\system32\GLU32.dll
0x6d660000 - 0x6d747000 	C:\WINDOWS\system32\DDRAW.dll
0x73070000 - 0x73076000 	C:\WINDOWS\system32\DCIMAN32.dll
0x75fb0000 - 0x7614d000 	C:\WINDOWS\syswow64\SETUPAPI.dll
0x74bf0000 - 0x74c17000 	C:\WINDOWS\syswow64\CFGMGR32.dll
0x75c20000 - 0x75cb1000 	C:\WINDOWS\syswow64\OLEAUT32.dll
0x76aa0000 - 0x76ab2000 	C:\WINDOWS\syswow64\DEVOBJ.dll
0x74720000 - 0x74733000 	C:\WINDOWS\system32\dwmapi.dll
0x15870000 - 0x158d5000 	C:\Users\1836951\AppData\Local\Temp\libgdx1836951\68069333\OpenAL32.dll
0x74750000 - 0x747d0000 	C:\WINDOWS\system32\uxtheme.dll
0x74d90000 - 0x74e13000 	C:\WINDOWS\syswow64\CLBCatQ.DLL
0x724f0000 - 0x725e5000 	C:\WINDOWS\System32\PROPSYS.dll
0x76b20000 - 0x76b4f000 	C:\WINDOWS\syswow64\WINTRUST.dll
0x75da0000 - 0x75ec1000 	C:\WINDOWS\syswow64\CRYPT32.dll
0x74c20000 - 0x74c2c000 	C:\WINDOWS\syswow64\MSASN1.dll
0x6edb0000 - 0x6ee22000 	C:\WINDOWS\system32\dsound.dll
0x72eb0000 - 0x72ed5000 	C:\WINDOWS\system32\POWRPROF.dll
0x74740000 - 0x74750000 	C:\WINDOWS\system32\LSKHOOK.DLL
0x725f0000 - 0x72629000 	C:\WINDOWS\System32\MMDevApi.dll
0x724b0000 - 0x724e6000 	C:\WINDOWS\system32\AUDIOSES.DLL
0x69c40000 - 0x6a487000 	C:\WINDOWS\system32\ig7icd32.dll
0x700a0000 - 0x70119000 	C:\WINDOWS\system32\mscms.dll
0x70f40000 - 0x70f78000 	C:\WINDOWS\system32\icm32.dll
0x6d570000 - 0x6d65b000 	C:\WINDOWS\system32\dbghelp.dll

VM Arguments:
jvm_args: -javaagent:E:\IntelliJ\IntelliJ IDEA Community Edition 2017.3.5\lib\idea_rt.jar=53787:E:\IntelliJ\IntelliJ IDEA Community Edition 2017.3.5\bin -Dfile.encoding=UTF-8 
java_command: GameLauncher
java_class_path (initial): C:\Program Files (x86)\BlueJ\jdk\jre\lib\charsets.jar;C:\Program Files (x86)\BlueJ\jdk\jre\lib\deploy.jar;C:\Program Files (x86)\BlueJ\jdk\jre\lib\ext\access-bridge-32.jar;C:\Program Files (x86)\BlueJ\jdk\jre\lib\ext\cldrdata.jar;C:\Program Files (x86)\BlueJ\jdk\jre\lib\ext\dnsns.jar;C:\Program Files (x86)\BlueJ\jdk\jre\lib\ext\jaccess.jar;C:\Program Files (x86)\BlueJ\jdk\jre\lib\ext\jfxrt.jar;C:\Program Files (x86)\BlueJ\jdk\jre\lib\ext\localedata.jar;C:\Program Files (x86)\BlueJ\jdk\jre\lib\ext\nashorn.jar;C:\Program Files (x86)\BlueJ\jdk\jre\lib\ext\sunec.jar;C:\Program Files (x86)\BlueJ\jdk\jre\lib\ext\sunjce_provider.jar;C:\Program Files (x86)\BlueJ\jdk\jre\lib\ext\sunmscapi.jar;C:\Program Files (x86)\BlueJ\jdk\jre\lib\ext\sunpkcs11.jar;C:\Program Files (x86)\BlueJ\jdk\jre\lib\ext\zipfs.jar;C:\Program Files (x86)\BlueJ\jdk\jre\lib\javaws.jar;C:\Program Files (x86)\BlueJ\jdk\jre\lib\jce.jar;C:\Program Files (x86)\BlueJ\jdk\jre\lib\jfr.jar;C:\Program Files (x86)\BlueJ\jdk\jre\lib\jfxswt.jar;C:\Program Files (x86)\BlueJ\jdk\jre\lib\jsse.jar;C:\Program Files (x86)\BlueJ\jdk\jre\lib\management-agent.jar;C:\Program Files (x86)\BlueJ\jdk\jre\lib\plugin.jar;C:\Program Files (x86)\BlueJ\jdk\jre\lib\resources.jar;C:\Program Files (x86)\BlueJ\jdk\jre\lib\rt.jar;E:\IntelliJ Labs\GaryComeHomeV0.1\out\production\GaryComeHomeV0.1;E:\apcslib.jar;E:\chnutil.jar;E:\gdx-backend-lwjgl-natives.jar;E:\gdx-backend-lwjgl.jar;E:\gdx-natives.jar;E:\gdx.jar;E:\IntelliJ\IntelliJ IDEA Community Edition 2017.3.5\lib\idea_rt.jar
Launcher Type: SUN_STANDARD

Environment Variables:
PATH=C:\ProgramData\Oracle\Java\javapath;C:\WINDOWS\system32;C:\WINDOWS;C:\WINDOWS\System32\Wbem;C:\WINDOWS\System32\WindowsPowerShell\v1.0\;C:\WINDOWS\System32\WindowsPowerShell\v1.0\
USERNAME=1836951
OS=Windows_NT
PROCESSOR_IDENTIFIER=Intel64 Family 6 Model 58 Stepping 9, GenuineIntel



---------------  S Y S T E M  ---------------

OS: Windows 7 , 64 bit Build 7601 (6.1.7601.24094)

CPU:total 4 (4 cores per cpu, 1 threads per core) family 6 model 58 stepping 9, cmov, cx8, fxsr, mmx, sse, sse2, sse3, ssse3, sse4.1, sse4.2, popcnt, avx, aes, clmul, erms, tsc, tscinvbit, tscinv

Memory: 4k page, physical 8272372k(5010972k free), swap 16542868k(13044256k free)

vm_info: Java HotSpot(TM) Client VM (25.40-b25) for windows-x86 JRE (1.8.0_40-b26), built on Mar  7 2015 13:51:08 by "java_re" with MS VC++ 10.0 (VS2010)

time: Tue May 22 10:52:32 2018
elapsed time: 5 seconds (0d 0h 0m 5s)

