#
# A fatal error has been detected by the Java Runtime Environment:
#
#  EXCEPTION_ACCESS_VIOLATION (0xc0000005) at pc=0x770600db, pid=3832, tid=0x00004540
#
# JRE version: Java(TM) SE Runtime Environment (8.0_131-b11) (build 1.8.0_131-b11)
# Java VM: Java HotSpot(TM) Client VM (25.131-b11 mixed mode windows-x86 )
# Problematic frame:
# C  [ntdll.dll+0x400db]
#
# Failed to write core dump. Minidumps are not enabled by default on client versions of Windows
#
# If you would like to submit a bug report, please visit:
#   http://bugreport.java.com/bugreport/crash.jsp
#

---------------  T H R E A D  ---------------

Current thread (0x0447d400):  VMThread [stack: 0x06570000,0x065c0000] [id=17728]

siginfo: ExceptionCode=0xc0000005, reading address 0x428c0000

Registers:
EAX=0x00aa4af0, EBX=0x00aa4ae8, ECX=0x428c0000, EDX=0x00aa8788
ESP=0x065bf320, EBP=0x065bf478, ESI=0x189b7db0, EDI=0x00aa0000
EIP=0x770600db, EFLAGS=0x00010283

Top of Stack: (sp=0x065bf320)
0x065bf320:   c086b614 00aa5c18 00aa0000 00696500
0x065bf330:   065bf360 770601c3 c086b6fc 00aa4ae8
0x065bf340:   06000006 00696500 7f0883f4 00644558
0x065bf350:   77020000 70f32924 06000006 01020000
0x065bf360:   40010041 770601c3 6408036f 00694c70
0x065bf370:   00640000 00696500 25000025 0000001d
0x065bf380:   ffff7c2f 00000527 ffff8139 77125678
0x065bf390:   fc08d327 fffffeb7 00000000 00000220 

Instructions: (pc=0x770600db)
0x770600bb:   50 89 4d b0 66 89 4d 8c 8b 5d 08 0f b7 c1 39 45
0x770600cb:   d0 0f 87 6d 62 05 00 8d 43 08 89 45 ac 8b 4e 04
0x770600db:   8b 11 3b d6 0f 85 67 62 05 00 89 30 89 48 04 89
0x770600eb:   01 89 46 04 0f b7 03 01 47 74 8b 8f b4 00 00 00 


Register to memory mapping:

EAX=
[error occurred during error reporting (printing register info), id 0xc0000005]

Stack: [0x06570000,0x065c0000],  sp=0x065bf320,  free space=316k
Native frames: (J=compiled Java code, j=interpreted, Vv=VM code, C=native code)
C  [ntdll.dll+0x400db]
C  [ntdll.dll+0x3fa2d]
C  [msvcrt.dll+0x47065]
C  [clbcatq.dll+0x44a21]
C  [clbcatq.dll+0x3ce05]
C  [clbcatq.dll+0x33e97]
C  [clbcatq.dll+0x4a6b2]
C  [clbcatq.dll+0x4c6c0]
C  [clbcatq.dll+0x33250]
C  [clbcatq.dll+0x333e5]
C  [clbcatq.dll+0x201cd]
C  [ntdll.dll+0x6e816]
C  [ntdll.dll+0x3cc0f]
C  [ntdll.dll+0x3794c]
C  [ntdll.dll+0x67acc]
C  [KERNEL32.DLL+0x13bf3]
C  [msvcr100.dll+0x27997]
C  [msvcr100.dll+0x27ab0]
C  [msvcr100.dll+0x27b1d]
V  [jvm.dll+0x1598f2]
V  [jvm.dll+0x18349d]
V  [jvm.dll+0x1828f1]
V  [jvm.dll+0x182d07]
V  [jvm.dll+0x182f02]
V  [jvm.dll+0x1c2ec6]
C  [msvcr100.dll+0x5c556]
C  [msvcr100.dll+0x5c600]
C  [KERNEL32.DLL+0x18674]
C  [ntdll.dll+0x64b47]
C  [ntdll.dll+0x64b17]

VM_Operation (0x17e7f680): Exit, mode: safepoint, requested by thread 0x176aa400


---------------  P R O C E S S  ---------------

Java Threads: ( => current thread )
  0x1773b800 JavaThread "LWJGL Timer" daemon [_thread_blocked, id=17948, stack(0x1e250000,0x1e2a0000)]
  0x00becc00 JavaThread "DestroyJavaVM" [_thread_blocked, id=6756, stack(0x00ab0000,0x00b00000)]
  0x176aa400 JavaThread "LWJGL Application" [_thread_blocked, id=6932, stack(0x17e30000,0x17e80000)]
  0x16b31c00 JavaThread "Service Thread" daemon [_thread_blocked, id=19772, stack(0x17140000,0x17190000)]
  0x16b23400 JavaThread "C1 CompilerThread0" daemon [_thread_blocked, id=10628, stack(0x170b0000,0x17100000)]
  0x16b22800 JavaThread "Monitor Ctrl-Break" daemon [_thread_in_native, id=18700, stack(0x17020000,0x17070000)]
  0x16a8dc00 JavaThread "Attach Listener" daemon [_thread_blocked, id=16632, stack(0x16f90000,0x16fe0000)]
  0x16a8bc00 JavaThread "Signal Dispatcher" daemon [_thread_blocked, id=9364, stack(0x16f00000,0x16f50000)]
  0x16a7a400 JavaThread "Finalizer" daemon [_thread_blocked, id=18252, stack(0x16cf0000,0x16d40000)]
  0x16a64c00 JavaThread "Reference Handler" daemon [_thread_blocked, id=10760, stack(0x16c60000,0x16cb0000)]

Other Threads:
=>0x0447d400 VMThread [stack: 0x06570000,0x065c0000] [id=17728]

VM state:at safepoint (shutting down)

VM Mutex/Monitor currently owned by a thread:  ([mutex/lock_event])
[0x00beba28] Threads_lock - owner thread: 0x0447d400

Heap:
 def new generation   total 4928K, used 3955K [0x06600000, 0x06b50000, 0x0bb50000)
  eden space 4416K,  77% used [0x06600000, 0x0695ccd0, 0x06a50000)
  from space 512K, 100% used [0x06ad0000, 0x06b50000, 0x06b50000)
  to   space 512K,   0% used [0x06a50000, 0x06a50000, 0x06ad0000)
 tenured generation   total 10944K, used 1950K [0x0bb50000, 0x0c600000, 0x16600000)
   the space 10944K,  17% used [0x0bb50000, 0x0bd37818, 0x0bd37a00, 0x0c600000)
 Metaspace       used 4561K, capacity 4580K, committed 4608K, reserved 5504K

Card table byte_map: [0x06480000,0x06510000] byte_map_base: 0x0644d000

Polling page: 0x007c0000

CodeCache: size=32768Kb used=1220Kb max_used=1220Kb free=31547Kb
 bounds [0x04480000, 0x045b8000, 0x06480000]
 total_blobs=639 nmethods=368 adapters=202
 compilation: enabled

Compilation events (10 events):
Event: 18.587 Thread 0x16b23400  370             com.badlogic.gdx.graphics.glutils.ShaderProgram::setUniformMatrix (25 bytes)
Event: 18.587 Thread 0x16b23400 nmethod 370 0x045b0088 code [0x045b01b0, 0x045b0340]
Event: 18.587 Thread 0x16b23400  371             com.badlogic.gdx.graphics.glutils.ShaderProgram::end (12 bytes)
Event: 18.588 Thread 0x16b23400 nmethod 371 0x045b0588 code [0x045b06d0, 0x045b0930]
Event: 21.799 Thread 0x16b23400  372   !         org.lwjgl.input.Mouse::isGrabbed (17 bytes)
Event: 21.799 Thread 0x16b23400 nmethod 372 0x045b0d08 code [0x045b0e00, 0x045b0f80]
Event: 21.799 Thread 0x16b23400  373             com.badlogic.gdx.utils.Array::<init> (21 bytes)
Event: 21.799 Thread 0x16b23400 nmethod 373 0x045b1008 code [0x045b1100, 0x045b1210]
Event: 21.832 Thread 0x16b23400  374             com.badlogic.gdx.utils.Array::<init> (8 bytes)
Event: 21.833 Thread 0x16b23400 nmethod 374 0x045b1288 code [0x045b1380, 0x045b1490]

GC Heap History (6 events):
Event: 0.460 GC heap before
{Heap before GC invocations=0 (full 0):
 def new generation   total 4928K, used 4416K [0x06600000, 0x06b50000, 0x0bb50000)
  eden space 4416K, 100% used [0x06600000, 0x06a50000, 0x06a50000)
  from space 512K,   0% used [0x06a50000, 0x06a50000, 0x06ad0000)
  to   space 512K,   0% used [0x06ad0000, 0x06ad0000, 0x06b50000)
 tenured generation   total 10944K, used 0K [0x0bb50000, 0x0c600000, 0x16600000)
   the space 10944K,   0% used [0x0bb50000, 0x0bb50000, 0x0bb50200, 0x0c600000)
 Metaspace       used 2867K, capacity 2896K, committed 3008K, reserved 4480K
Event: 0.463 GC heap after
Heap after GC invocations=1 (full 0):
 def new generation   total 4928K, used 512K [0x06600000, 0x06b50000, 0x0bb50000)
  eden space 4416K,   0% used [0x06600000, 0x06600000, 0x06a50000)
  from space 512K, 100% used [0x06ad0000, 0x06b50000, 0x06b50000)
  to   space 512K,   0% used [0x06a50000, 0x06a50000, 0x06ad0000)
 tenured generation   total 10944K, used 348K [0x0bb50000, 0x0c600000, 0x16600000)
   the space 10944K,   3% used [0x0bb50000, 0x0bba70c0, 0x0bba7200, 0x0c600000)
 Metaspace       used 2867K, capacity 2896K, committed 3008K, reserved 4480K
}
Event: 0.745 GC heap before
{Heap before GC invocations=1 (full 0):
 def new generation   total 4928K, used 4928K [0x06600000, 0x06b50000, 0x0bb50000)
  eden space 4416K, 100% used [0x06600000, 0x06a50000, 0x06a50000)
  from space 512K, 100% used [0x06ad0000, 0x06b50000, 0x06b50000)
  to   space 512K,   0% used [0x06a50000, 0x06a50000, 0x06ad0000)
 tenured generation   total 10944K, used 348K [0x0bb50000, 0x0c600000, 0x16600000)
   the space 10944K,   3% used [0x0bb50000, 0x0bba70c0, 0x0bba7200, 0x0c600000)
 Metaspace       used 3873K, capacity 3905K, committed 4032K, reserved 4480K
Event: 0.755 GC heap after
Heap after GC invocations=2 (full 0):
 def new generation   total 4928K, used 511K [0x06600000, 0x06b50000, 0x0bb50000)
  eden space 4416K,   0% used [0x06600000, 0x06600000, 0x06a50000)
  from space 512K,  99% used [0x06a50000, 0x06acfff8, 0x06ad0000)
  to   space 512K,   0% used [0x06ad0000, 0x06ad0000, 0x06b50000)
 tenured generation   total 10944K, used 1147K [0x0bb50000, 0x0c600000, 0x16600000)
   the space 10944K,  10% used [0x0bb50000, 0x0bc6ec58, 0x0bc6ee00, 0x0c600000)
 Metaspace       used 3873K, capacity 3905K, committed 4032K, reserved 4480K
}
Event: 11.744 GC heap before
{Heap before GC invocations=2 (full 0):
 def new generation   total 4928K, used 4890K [0x06600000, 0x06b50000, 0x0bb50000)
  eden space 4416K,  99% used [0x06600000, 0x06a46a40, 0x06a50000)
  from space 512K,  99% used [0x06a50000, 0x06acfff8, 0x06ad0000)
  to   space 512K,   0% used [0x06ad0000, 0x06ad0000, 0x06b50000)
 tenured generation   total 10944K, used 1147K [0x0bb50000, 0x0c600000, 0x16600000)
   the space 10944K,  10% used [0x0bb50000, 0x0bc6ec58, 0x0bc6ee00, 0x0c600000)
 Metaspace       used 4453K, capacity 4513K, committed 4608K, reserved 5504K
Event: 11.746 GC heap after
Heap after GC invocations=3 (full 0):
 def new generation   total 4928K, used 512K [0x06600000, 0x06b50000, 0x0bb50000)
  eden space 4416K,   0% used [0x06600000, 0x06600000, 0x06a50000)
  from space 512K, 100% used [0x06ad0000, 0x06b50000, 0x06b50000)
  to   space 512K,   0% used [0x06a50000, 0x06a50000, 0x06ad0000)
 tenured generation   total 10944K, used 1950K [0x0bb50000, 0x0c600000, 0x16600000)
   the space 10944K,  17% used [0x0bb50000, 0x0bd37818, 0x0bd37a00, 0x0c600000)
 Metaspace       used 4453K, capacity 4513K, committed 4608K, reserved 5504K
}

Deoptimization events (0 events):
No events

Internal exceptions (10 events):
Event: 0.215 Thread 0x00becc00 Exception <a 'java/security/PrivilegedActionException'> (0x068d7760) thrown at [C:\re\workspace\8-2-build-windows-i586-cygwin\jdk8u131\8869\hotspot\src\share\vm\prims\jvm.cpp, line 1390]
Event: 0.216 Thread 0x00becc00 Exception <a 'java/security/PrivilegedActionException'> (0x068db2f8) thrown at [C:\re\workspace\8-2-build-windows-i586-cygwin\jdk8u131\8869\hotspot\src\share\vm\prims\jvm.cpp, line 1390]
Event: 0.216 Thread 0x00becc00 Exception <a 'java/security/PrivilegedActionException'> (0x068db4f8) thrown at [C:\re\workspace\8-2-build-windows-i586-cygwin\jdk8u131\8869\hotspot\src\share\vm\prims\jvm.cpp, line 1390]
Event: 0.459 Thread 0x00becc00 Exception <a 'java/security/PrivilegedActionException'> (0x06a4d8d0) thrown at [C:\re\workspace\8-2-build-windows-i586-cygwin\jdk8u131\8869\hotspot\src\share\vm\prims\jvm.cpp, line 1390]
Event: 0.460 Thread 0x00becc00 Exception <a 'java/security/PrivilegedActionException'> (0x06a4f378) thrown at [C:\re\workspace\8-2-build-windows-i586-cygwin\jdk8u131\8869\hotspot\src\share\vm\prims\jvm.cpp, line 1390]
Event: 0.463 Thread 0x00becc00 Exception <a 'java/security/PrivilegedActionException'> (0x066003e0) thrown at [C:\re\workspace\8-2-build-windows-i586-cygwin\jdk8u131\8869\hotspot\src\share\vm\prims\jvm.cpp, line 1390]
Event: 0.464 Thread 0x00becc00 Exception <a 'java/security/PrivilegedActionException'> (0x06605290) thrown at [C:\re\workspace\8-2-build-windows-i586-cygwin\jdk8u131\8869\hotspot\src\share\vm\prims\jvm.cpp, line 1390]
Event: 0.464 Thread 0x00becc00 Exception <a 'java/security/PrivilegedActionException'> (0x06605e50) thrown at [C:\re\workspace\8-2-build-windows-i586-cygwin\jdk8u131\8869\hotspot\src\share\vm\prims\jvm.cpp, line 1390]
Event: 0.464 Thread 0x00becc00 Exception <a 'java/security/PrivilegedActionException'> (0x066069d0) thrown at [C:\re\workspace\8-2-build-windows-i586-cygwin\jdk8u131\8869\hotspot\src\share\vm\prims\jvm.cpp, line 1390]
Event: 7.318 Thread 0x176aa400 Implicit null exception at 0x0453b643 to 0x0453b6b5

Events (10 events):
Event: 22.713 loading class java/util/HashMap$Values done
Event: 22.713 loading class java/util/HashMap$ValueIterator
Event: 22.713 loading class java/util/HashMap$ValueIterator done
Event: 22.713 loading class java/util/IdentityHashMap$KeySet
Event: 22.713 loading class java/util/IdentityHashMap$KeySet done
Event: 22.713 loading class java/util/IdentityHashMap$KeyIterator
Event: 22.713 loading class java/util/IdentityHashMap$IdentityHashMapIterator
Event: 22.713 loading class java/util/IdentityHashMap$IdentityHashMapIterator done
Event: 22.713 loading class java/util/IdentityHashMap$KeyIterator done
Event: 22.714 Executing VM operation: Exit


Dynamic libraries:
0x00c20000 - 0x00c53000 	C:\Program Files (x86)\BlueJ\jdk\bin\java.exe
0x77020000 - 0x771ad000 	C:\WINDOWS\SYSTEM32\ntdll.dll
0x76e50000 - 0x76f20000 	C:\WINDOWS\System32\KERNEL32.DLL
0x75c10000 - 0x75de7000 	C:\WINDOWS\System32\KERNELBASE.dll
0x71a10000 - 0x71aaa000 	C:\WINDOWS\SYSTEM32\apphelp.dll
0x757d0000 - 0x75848000 	C:\WINDOWS\System32\ADVAPI32.dll
0x76f20000 - 0x76fdd000 	C:\WINDOWS\System32\msvcrt.dll
0x75780000 - 0x757c3000 	C:\WINDOWS\System32\sechost.dll
0x75f80000 - 0x7603e000 	C:\WINDOWS\System32\RPCRT4.dll
0x73a40000 - 0x73a60000 	C:\WINDOWS\System32\SspiCli.dll
0x73a30000 - 0x73a3a000 	C:\WINDOWS\System32\CRYPTBASE.dll
0x762c0000 - 0x76317000 	C:\WINDOWS\System32\bcryptPrimitives.dll
0x73b90000 - 0x73d05000 	C:\WINDOWS\System32\USER32.dll
0x73ac0000 - 0x73ad6000 	C:\WINDOWS\System32\win32u.dll
0x76110000 - 0x76132000 	C:\WINDOWS\System32\GDI32.dll
0x76cf0000 - 0x76e4f000 	C:\WINDOWS\System32\gdi32full.dll
0x76040000 - 0x760bc000 	C:\WINDOWS\System32\msvcp_win.dll
0x761a0000 - 0x762b7000 	C:\WINDOWS\System32\ucrtbase.dll
0x72560000 - 0x72771000 	C:\WINDOWS\WinSxS\x86_microsoft.windows.common-controls_6595b64144ccf1df_6.0.16299.431_none_5d750ac5a7e1c779\COMCTL32.dll
0x76aa0000 - 0x76ce6000 	C:\WINDOWS\System32\combase.dll
0x75a40000 - 0x75a65000 	C:\WINDOWS\System32\IMM32.DLL
0x58740000 - 0x587ff000 	C:\Program Files (x86)\BlueJ\jdk\jre\bin\msvcr100.dll
0x6ced0000 - 0x6d29e000 	C:\Program Files (x86)\BlueJ\jdk\jre\bin\client\jvm.dll
0x73d10000 - 0x73d16000 	C:\WINDOWS\System32\PSAPI.DLL
0x716a0000 - 0x716a8000 	C:\WINDOWS\SYSTEM32\WSOCK32.dll
0x759c0000 - 0x75a26000 	C:\WINDOWS\System32\WS2_32.dll
0x71430000 - 0x71454000 	C:\WINDOWS\SYSTEM32\WINMM.dll
0x73700000 - 0x73708000 	C:\WINDOWS\SYSTEM32\VERSION.dll
0x70970000 - 0x70993000 	C:\WINDOWS\SYSTEM32\WINMMBASE.dll
0x76fe0000 - 0x77018000 	C:\WINDOWS\System32\cfgmgr32.dll
0x69480000 - 0x6948c000 	C:\Program Files (x86)\BlueJ\jdk\jre\bin\verify.dll
0x60df0000 - 0x60e11000 	C:\Program Files (x86)\BlueJ\jdk\jre\bin\java.dll
0x5f800000 - 0x5f820000 	C:\Program Files (x86)\BlueJ\jdk\jre\bin\instrument.dll
0x5f4f0000 - 0x5f503000 	C:\Program Files (x86)\BlueJ\jdk\jre\bin\zip.dll
0x742f0000 - 0x75624000 	C:\WINDOWS\System32\SHELL32.dll
0x76320000 - 0x763a8000 	C:\WINDOWS\System32\shcore.dll
0x764b0000 - 0x76a76000 	C:\WINDOWS\System32\windows.storage.dll
0x73b40000 - 0x73b85000 	C:\WINDOWS\System32\shlwapi.dll
0x75c00000 - 0x75c0e000 	C:\WINDOWS\System32\kernel.appcore.dll
0x73af0000 - 0x73b35000 	C:\WINDOWS\System32\powrprof.dll
0x75df0000 - 0x75e04000 	C:\WINDOWS\System32\profapi.dll
0x5dab0000 - 0x5dac6000 	E:\IntelliJ\IntelliJ IDEA Community Edition 2017.3.5\bin\breakgen.dll
0x5ce30000 - 0x5ce46000 	C:\Program Files (x86)\BlueJ\jdk\jre\bin\net.dll
0x71350000 - 0x713a5000 	C:\WINDOWS\system32\mswsock.dll
0x17220000 - 0x17293000 	C:\Users\gsash\AppData\Local\Temp\libgdxgsash\8e8a55dd\gdx.dll
0x72100000 - 0x72113000 	C:\WINDOWS\SYSTEM32\CRYPTSP.dll
0x720d0000 - 0x720ff000 	C:\WINDOWS\system32\rsaenh.dll
0x736e0000 - 0x736f9000 	C:\WINDOWS\SYSTEM32\bcrypt.dll
0x738c0000 - 0x738e2000 	C:\WINDOWS\SYSTEM32\USERENV.dll
0x73710000 - 0x73740000 	C:\WINDOWS\SYSTEM32\IPHLPAPI.DLL
0x75a30000 - 0x75a37000 	C:\WINDOWS\System32\NSI.dll
0x70900000 - 0x70913000 	C:\WINDOWS\SYSTEM32\dhcpcsvc6.DLL
0x708e0000 - 0x708f4000 	C:\WINDOWS\SYSTEM32\dhcpcsvc.DLL
0x64930000 - 0x6493f000 	C:\Program Files (x86)\BlueJ\jdk\jre\bin\nio.dll
0x17a90000 - 0x17adf000 	C:\Users\gsash\AppData\Local\Temp\libgdxgsash\68069333\lwjgl.dll
0x58660000 - 0x5873f000 	C:\WINDOWS\SYSTEM32\OPENGL32.dll
0x58a90000 - 0x58ab5000 	C:\WINDOWS\SYSTEM32\GLU32.dll
0x17ae0000 - 0x17b45000 	C:\Users\gsash\AppData\Local\Temp\libgdxgsash\68069333\OpenAL32.dll
0x763b0000 - 0x764a7000 	C:\WINDOWS\System32\ole32.dll
0x72470000 - 0x724e9000 	C:\WINDOWS\system32\uxtheme.dll
0x71180000 - 0x71207000 	C:\Program Files (x86)\Common Files\Microsoft Shared\Ink\tiptsf.dll
0x73d20000 - 0x73db3000 	C:\WINDOWS\System32\OLEAUT32.dll
0x74250000 - 0x742d2000 	C:\WINDOWS\System32\clbcatq.dll
0x70f20000 - 0x7109b000 	C:\WINDOWS\System32\PROPSYS.dll
0x60ce0000 - 0x60d60000 	C:\WINDOWS\SYSTEM32\dsound.dll
0x71f30000 - 0x71f8b000 	C:\WINDOWS\System32\MMDevApi.dll
0x70410000 - 0x70432000 	C:\WINDOWS\System32\DEVOBJ.dll
0x63450000 - 0x63544000 	C:\WINDOWS\SYSTEM32\AUDIOSES.DLL
0x63380000 - 0x6344b000 	C:\WINDOWS\SYSTEM32\wintypes.dll
0x72140000 - 0x72148000 	C:\WINDOWS\SYSTEM32\AVRT.dll
0x75630000 - 0x75774000 	C:\WINDOWS\System32\MSCTF.dll
0x71d60000 - 0x71d83000 	C:\WINDOWS\system32\dwmapi.dll
0x50140000 - 0x501b7000 	C:\WINDOWS\System32\TextInputFramework.dll
0x50d70000 - 0x50fa4000 	C:\WINDOWS\System32\CoreUIComponents.dll
0x714b0000 - 0x714d8000 	C:\WINDOWS\SYSTEM32\ntmarta.dll
0x50fb0000 - 0x5103c000 	C:\WINDOWS\System32\CoreMessaging.dll
0x18a30000 - 0x1941c000 	C:\WINDOWS\SYSTEM32\ig8icd32.dll
0x73910000 - 0x7391f000 	C:\WINDOWS\SYSTEM32\WTSAPI32.dll
0x5d1e0000 - 0x5daab000 	C:\WINDOWS\SYSTEM32\igdusc32.dll
0x5f750000 - 0x5f7d7000 	C:\WINDOWS\SYSTEM32\mscms.dll
0x58a50000 - 0x58a8d000 	C:\WINDOWS\SYSTEM32\icm32.dll
0x60aa0000 - 0x60c3e000 	C:\Windows\System32\uiautomationcore.dll
0x72780000 - 0x72806000 	C:\WINDOWS\SYSTEM32\sxs.dll
0x68e30000 - 0x68e86000 	C:\Windows\System32\OLEACC.dll
0x675c0000 - 0x67653000 	C:\WINDOWS\SYSTEM32\dxgi.dll
0x6c7a0000 - 0x6c9de000 	C:\WINDOWS\SYSTEM32\d3d11.dll
0x71510000 - 0x71691000 	C:\WINDOWS\SYSTEM32\dbghelp.dll

VM Arguments:
jvm_args: -javaagent:E:\IntelliJ\IntelliJ IDEA Community Edition 2017.3.5\lib\idea_rt.jar=53768:E:\IntelliJ\IntelliJ IDEA Community Edition 2017.3.5\bin -Dfile.encoding=UTF-8 
java_command: GameLauncher
java_class_path (initial): C:\Program Files (x86)\BlueJ\jdk\jre\lib\charsets.jar;C:\Program Files (x86)\BlueJ\jdk\jre\lib\deploy.jar;C:\Program Files (x86)\BlueJ\jdk\jre\lib\ext\access-bridge-32.jar;C:\Program Files (x86)\BlueJ\jdk\jre\lib\ext\cldrdata.jar;C:\Program Files (x86)\BlueJ\jdk\jre\lib\ext\dnsns.jar;C:\Program Files (x86)\BlueJ\jdk\jre\lib\ext\jaccess.jar;C:\Program Files (x86)\BlueJ\jdk\jre\lib\ext\jfxrt.jar;C:\Program Files (x86)\BlueJ\jdk\jre\lib\ext\localedata.jar;C:\Program Files (x86)\BlueJ\jdk\jre\lib\ext\nashorn.jar;C:\Program Files (x86)\BlueJ\jdk\jre\lib\ext\sunec.jar;C:\Program Files (x86)\BlueJ\jdk\jre\lib\ext\sunjce_provider.jar;C:\Program Files (x86)\BlueJ\jdk\jre\lib\ext\sunmscapi.jar;C:\Program Files (x86)\BlueJ\jdk\jre\lib\ext\sunpkcs11.jar;C:\Program Files (x86)\BlueJ\jdk\jre\lib\ext\zipfs.jar;C:\Program Files (x86)\BlueJ\jdk\jre\lib\javaws.jar;C:\Program Files (x86)\BlueJ\jdk\jre\lib\jce.jar;C:\Program Files (x86)\BlueJ\jdk\jre\lib\jfr.jar;C:\Program Files (x86)\BlueJ\jdk\jre\lib\jfxswt.jar;C:\Program Files (x86)\BlueJ\jdk\jre\lib\jsse.jar;C:\Program Files (x86)\BlueJ\jdk\jre\lib\management-agent.jar;C:\Program Files (x86)\BlueJ\jdk\jre\lib\plugin.jar;C:\Program Files (x86)\BlueJ\jdk\jre\lib\resources.jar;C:\Program Files (x86)\BlueJ\jdk\jre\lib\rt.jar;E:\IntelliJ Labs\GaryComeHomeV0.1\out\production\GaryComeHomeV0.1;E:\apcslib.jar;E:\chnutil.jar;E:\gdx-backend-lwjgl-natives.jar;E:\gdx-backend-lwjgl.jar;E:\gdx-natives.jar;E:\gdx.jar;E:\IntelliJ\IntelliJ IDEA Community Edition 2017.3.5\lib\idea_rt.jar
Launcher Type: SUN_STANDARD

Environment Variables:
PATH=C:\ProgramData\Oracle\Java\javapath;C:\Program Files (x86)\Common Files\Intel\Shared Libraries\redist\intel64\compiler;C:\Program Files (x86)\Intel\iCLS Client\;C:\Program Files\Intel\iCLS Client\;C:\WINDOWS\system32;C:\WINDOWS;C:\WINDOWS\System32\Wbem;C:\WINDOWS\System32\WindowsPowerShell\v1.0\;C:\Program Files (x86)\Intel\Intel(R) Management Engine Components\DAL;C:\Program Files\Intel\Intel(R) Management Engine Components\DAL;C:\Program Files (x86)\Intel\Intel(R) Management Engine Components\IPT;C:\Program Files\Intel\Intel(R) Management Engine Components\IPT;C:\Program Files\Intel\WiFi\bin\;C:\Program Files\Common Files\Intel\WirelessCommon\;C:\Program Files (x86)\QuickTime\QTSystem\;C:\Program Files (x86)\OpenVPN\bin;C:\Users\gsash\AppData\Roaming\Dashlane\4.2.0.13076\bin\Firefox_Extension\{442718d9-475e-452a-b3e1-fb1ee16b8e9f}\components;C:\Users\gsash\AppData\Roaming\Dashlane\4.5.0.13208\bin\Firefox_Extension\{442718d9-475e-452a-b3e1-fb1ee16b8e9f}\components;C:\Users\gsash\AppData\Local\Microsoft\WindowsApps;
USERNAME=gsash
OS=Windows_NT
PROCESSOR_IDENTIFIER=Intel64 Family 6 Model 61 Stepping 4, GenuineIntel



---------------  S Y S T E M  ---------------

OS: Windows 10.0 , 64 bit Build 16299 (10.0.16299.431)

CPU:total 4 (initial active 4) (2 cores per cpu, 2 threads per core) family 6 model 61 stepping 4, cmov, cx8, fxsr, mmx, sse, sse2, sse3, ssse3, sse4.1, sse4.2, popcnt, avx, avx2, aes, clmul, erms, 3dnowpref, lzcnt, ht, tsc, tscinvbit, bmi1, bmi2, adx

Memory: 4k page, physical 8301900k(3277748k free), swap 29273420k(17825808k free)

vm_info: Java HotSpot(TM) Client VM (25.131-b11) for windows-x86 JRE (1.8.0_131-b11), built on Mar 15 2017 01:26:29 by "java_re" with MS VC++ 10.0 (VS2010)

time: Fri May 25 21:08:12 2018
elapsed time: 23 seconds (0d 0h 0m 23s)

