#
# A fatal error has been detected by the Java Runtime Environment:
#
#  EXCEPTION_ACCESS_VIOLATION (0xc0000005) at pc=0x763d9b60, pid=3380, tid=6440
#
# JRE version: Java(TM) SE Runtime Environment (8.0_40-b26) (build 1.8.0_40-b26)
# Java VM: Java HotSpot(TM) Client VM (25.40-b25 mixed mode windows-x86 )
# Problematic frame:
# C  [msvcrt.dll+0x9b60]
#
# Failed to write core dump. Minidumps are not enabled by default on client versions of Windows
#
# If you would like to submit a bug report, please visit:
#   http://bugreport.java.com/bugreport/crash.jsp
# The crash happened outside the Java Virtual Machine in native code.
# See problematic frame for where to report the bug.
#

---------------  T H R E A D  ---------------

Current thread (0x15d15c00):  JavaThread "LWJGL Application" [_thread_in_native, id=6440, stack(0x16f90000,0x16fe0000)]

siginfo: ExceptionCode=0xc0000005, writing address 0x161112e0

Registers:
EAX=0x05136214, EBX=0x15d15d40, ECX=0x00000030, EDX=0x00000000
ESP=0x16fdf2d0, EBP=0x16fdf2d8, ESI=0x05136154, EDI=0x161112e0
EIP=0x763d9b60, EFLAGS=0x00010216

Top of Stack: (sp=0x16fdf2d0)
0x16fdf2d0:   161112e0 05136154 16fdf308 6cec3a6c
0x16fdf2e0:   161112e0 05136154 000000c0 152912c1
0x16fdf2f0:   16fdf324 152958a0 00000000 15282be8
0x16fdf300:   15282be8 15d15c00 16fdf348 02dec0c3
0x16fdf310:   15d15d40 16fdf350 16fdf364 16fdf360
0x16fdf320:   00000030 00000000 16fdf328 00000000
0x16fdf330:   16fdf364 15283770 00000000 15282be8
0x16fdf340:   00000000 16fdf358 16fdf388 02de43b4 

Instructions: (pc=0x763d9b60)
0x763d9b40:   8b 45 08 5e 5f c9 c3 8a 46 03 88 47 03 8a 46 02
0x763d9b50:   88 47 02 8a 46 01 88 47 01 8b 45 08 5e 5f c9 c3
0x763d9b60:   f3 a5 ff 24 95 b8 99 3d 76 8a 06 88 07 8a 46 01
0x763d9b70:   88 47 01 8b 45 08 5e 5f c9 c3 83 3d 44 00 47 76 


Register to memory mapping:

EAX=
[error occurred during error reporting (printing register info), id 0xc0000005]

Stack: [0x16f90000,0x16fe0000],  sp=0x16fdf2d0,  free space=316k
Native frames: (J=compiled Java code, j=interpreted, Vv=VM code, C=native code)
C  [msvcrt.dll+0x9b60]
C  [gdx.dll+0x3a6c]
j  com.badlogic.gdx.utils.BufferUtils.copyJni([FLjava/nio/Buffer;II)V+0
j  com.badlogic.gdx.utils.BufferUtils.copy([FLjava/nio/Buffer;II)V+35
j  com.badlogic.gdx.graphics.glutils.VertexBufferObject.setVertices([FII)V+12
j  com.badlogic.gdx.graphics.Mesh.setVertices([FII)Lcom/badlogic/gdx/graphics/Mesh;+7
j  com.badlogic.gdx.graphics.glutils.ImmediateModeRenderer20.flush()V+71
j  com.badlogic.gdx.graphics.glutils.ImmediateModeRenderer20.end()V+1
j  com.badlogic.gdx.graphics.glutils.ShapeRenderer.end()V+4
j  MainMenu.render(F)V+92
j  com.badlogic.gdx.Game.render()V+19
j  com.badlogic.gdx.backends.lwjgl.LwjglApplication.mainLoop()V+684
j  com.badlogic.gdx.backends.lwjgl.LwjglApplication$1.run()V+27
v  ~StubRoutines::call_stub
V  [jvm.dll+0x155c05]
V  [jvm.dll+0x21b0be]
V  [jvm.dll+0x155c9e]
V  [jvm.dll+0x155e26]
V  [jvm.dll+0x155e97]
V  [jvm.dll+0xfafaf]
V  [jvm.dll+0x178f3c]
V  [jvm.dll+0x17902a]
V  [jvm.dll+0x1bd616]
C  [msvcr100.dll+0x5c556]
C  [msvcr100.dll+0x5c600]
C  [kernel32.dll+0x1343d]
C  [ntdll.dll+0x39832]
C  [ntdll.dll+0x39805]
C  0x00000000

Java frames: (J=compiled Java code, j=interpreted, Vv=VM code)
j  com.badlogic.gdx.utils.BufferUtils.copyJni([FLjava/nio/Buffer;II)V+0
j  com.badlogic.gdx.utils.BufferUtils.copy([FLjava/nio/Buffer;II)V+35
j  com.badlogic.gdx.graphics.glutils.VertexBufferObject.setVertices([FII)V+12
j  com.badlogic.gdx.graphics.Mesh.setVertices([FII)Lcom/badlogic/gdx/graphics/Mesh;+7
j  com.badlogic.gdx.graphics.glutils.ImmediateModeRenderer20.flush()V+71
j  com.badlogic.gdx.graphics.glutils.ImmediateModeRenderer20.end()V+1
j  com.badlogic.gdx.graphics.glutils.ShapeRenderer.end()V+4
j  MainMenu.render(F)V+92
j  com.badlogic.gdx.Game.render()V+19
j  com.badlogic.gdx.backends.lwjgl.LwjglApplication.mainLoop()V+684
j  com.badlogic.gdx.backends.lwjgl.LwjglApplication$1.run()V+27
v  ~StubRoutines::call_stub

---------------  P R O C E S S  ---------------

Java Threads: ( => current thread )
  0x15d89c00 JavaThread "LWJGL Timer" daemon [_thread_blocked, id=5716, stack(0x1ab90000,0x1abe0000)]
  0x00f4c800 JavaThread "DestroyJavaVM" [_thread_blocked, id=4888, stack(0x00d30000,0x00d80000)]
=>0x15d15c00 JavaThread "LWJGL Application" [_thread_in_native, id=6440, stack(0x16f90000,0x16fe0000)]
  0x153c6000 JavaThread "Service Thread" daemon [_thread_blocked, id=5772, stack(0x15b60000,0x15bb0000)]
  0x153b9c00 JavaThread "C1 CompilerThread0" daemon [_thread_blocked, id=6084, stack(0x15870000,0x158c0000)]
  0x153bac00 JavaThread "Monitor Ctrl-Break" daemon [_thread_in_native, id=2088, stack(0x15a50000,0x15aa0000)]
  0x1534dc00 JavaThread "Attach Listener" daemon [_thread_blocked, id=780, stack(0x158e0000,0x15930000)]
  0x15359800 JavaThread "Signal Dispatcher" daemon [_thread_blocked, id=6904, stack(0x157f0000,0x15840000)]
  0x15313c00 JavaThread "Finalizer" daemon [_thread_blocked, id=5128, stack(0x15750000,0x157a0000)]
  0x1530dc00 JavaThread "Reference Handler" daemon [_thread_blocked, id=7892, stack(0x15630000,0x15680000)]

Other Threads:
  0x1530a000 VMThread [stack: 0x15500000,0x15550000] [id=7412]
  0x153c8400 WatcherThread [stack: 0x159e0000,0x15a30000] [id=7964]

VM state:not at safepoint (normal execution)

VM Mutex/Monitor currently owned by a thread: None

Heap:
 def new generation   total 4928K, used 4300K [0x04e00000, 0x05350000, 0x0a350000)
  eden space 4416K,  85% used [0x04e00000, 0x051b31a8, 0x05250000)
  from space 512K,  99% used [0x05250000, 0x052cfff8, 0x052d0000)
  to   space 512K,   0% used [0x052d0000, 0x052d0000, 0x05350000)
 tenured generation   total 10944K, used 1270K [0x0a350000, 0x0ae00000, 0x14e00000)
   the space 10944K,  11% used [0x0a350000, 0x0a48dbc8, 0x0a48dc00, 0x0ae00000)
 Metaspace       used 4408K, capacity 4417K, committed 4480K, reserved 4480K

Card table byte_map: [0x14e00000,0x14e90000] byte_map_base: 0x14dd9000

Polling page: 0x00420000

CodeCache: size=32768Kb used=1025Kb max_used=1025Kb free=31742Kb
 bounds [0x02de0000, 0x02ee8000, 0x04de0000]
 total_blobs=454 nmethods=183 adapters=202
 compilation: enabled

Compilation events (10 events):
Event: 3.517 Thread 0x153b9c00  180             org.lwjgl.BufferChecks::checkDirect (24 bytes)
Event: 3.517 Thread 0x153b9c00 nmethod 180 0x02edf588 code [0x02edf6a0, 0x02edf798]
Event: 3.517 Thread 0x153b9c00  181             java.nio.DirectFloatBufferU::isDirect (2 bytes)
Event: 3.517 Thread 0x153b9c00 nmethod 181 0x02edf848 code [0x02edf940, 0x02edf9c0]
Event: 3.517 Thread 0x153b9c00  182             org.lwjgl.MemoryUtil::getAddress (9 bytes)
Event: 3.517 Thread 0x153b9c00 nmethod 182 0x02edfa08 code [0x02edfb00, 0x02edfba0]
Event: 3.518 Thread 0x153b9c00  183             org.lwjgl.MemoryUtil::getAddress (10 bytes)
Event: 3.518 Thread 0x153b9c00 nmethod 183 0x02edfc88 code [0x02edfd80, 0x02edfe20]
Event: 3.518 Thread 0x153b9c00  184             com.badlogic.gdx.utils.ObjectMap::get (76 bytes)
Event: 3.518 Thread 0x153b9c00 nmethod 184 0x02edff08 code [0x02ee0060, 0x02ee029c]

GC Heap History (4 events):
Event: 0.322 GC heap before
{Heap before GC invocations=0 (full 0):
 def new generation   total 4928K, used 4416K [0x04e00000, 0x05350000, 0x0a350000)
  eden space 4416K, 100% used [0x04e00000, 0x05250000, 0x05250000)
  from space 512K,   0% used [0x05250000, 0x05250000, 0x052d0000)
  to   space 512K,   0% used [0x052d0000, 0x052d0000, 0x05350000)
 tenured generation   total 10944K, used 0K [0x0a350000, 0x0ae00000, 0x14e00000)
   the space 10944K,   0% used [0x0a350000, 0x0a350000, 0x0a350200, 0x0ae00000)
 Metaspace       used 2744K, capacity 2768K, committed 2880K, reserved 4480K
Event: 0.324 GC heap after
Heap after GC invocations=1 (full 0):
 def new generation   total 4928K, used 512K [0x04e00000, 0x05350000, 0x0a350000)
  eden space 4416K,   0% used [0x04e00000, 0x04e00000, 0x05250000)
  from space 512K, 100% used [0x052d0000, 0x05350000, 0x05350000)
  to   space 512K,   0% used [0x05250000, 0x05250000, 0x052d0000)
 tenured generation   total 10944K, used 454K [0x0a350000, 0x0ae00000, 0x14e00000)
   the space 10944K,   4% used [0x0a350000, 0x0a3c1b30, 0x0a3c1c00, 0x0ae00000)
 Metaspace       used 2744K, capacity 2768K, committed 2880K, reserved 4480K
}
Event: 0.654 GC heap before
{Heap before GC invocations=1 (full 0):
 def new generation   total 4928K, used 4928K [0x04e00000, 0x05350000, 0x0a350000)
  eden space 4416K, 100% used [0x04e00000, 0x05250000, 0x05250000)
  from space 512K, 100% used [0x052d0000, 0x05350000, 0x05350000)
  to   space 512K,   0% used [0x05250000, 0x05250000, 0x052d0000)
 tenured generation   total 10944K, used 454K [0x0a350000, 0x0ae00000, 0x14e00000)
   the space 10944K,   4% used [0x0a350000, 0x0a3c1b30, 0x0a3c1c00, 0x0ae00000)
 Metaspace       used 3763K, capacity 3809K, committed 3904K, reserved 4480K
Event: 0.658 GC heap after
Heap after GC invocations=2 (full 0):
 def new generation   total 4928K, used 511K [0x04e00000, 0x05350000, 0x0a350000)
  eden space 4416K,   0% used [0x04e00000, 0x04e00000, 0x05250000)
  from space 512K,  99% used [0x05250000, 0x052cfff8, 0x052d0000)
  to   space 512K,   0% used [0x052d0000, 0x052d0000, 0x05350000)
 tenured generation   total 10944K, used 1270K [0x0a350000, 0x0ae00000, 0x14e00000)
   the space 10944K,  11% used [0x0a350000, 0x0a48dbc8, 0x0a48dc00, 0x0ae00000)
 Metaspace       used 3763K, capacity 3809K, committed 3904K, reserved 4480K
}

Deoptimization events (0 events):
No events

Internal exceptions (10 events):
Event: 0.204 Thread 0x00f4c800 Exception <a 'java/security/PrivilegedActionException'> (0x050ebae0) thrown at [C:\re\workspace\8-2-build-windows-i586-cygwin\jdk8u40\3098\hotspot\src\share\vm\prims\jvm.cpp, line 1382]
Event: 0.204 Thread 0x00f4c800 Exception <a 'java/security/PrivilegedActionException'> (0x050ebc90) thrown at [C:\re\workspace\8-2-build-windows-i586-cygwin\jdk8u40\3098\hotspot\src\share\vm\prims\jvm.cpp, line 1382]
Event: 0.204 Thread 0x00f4c800 Exception <a 'java/security/PrivilegedActionException'> (0x050ef760) thrown at [C:\re\workspace\8-2-build-windows-i586-cygwin\jdk8u40\3098\hotspot\src\share\vm\prims\jvm.cpp, line 1382]
Event: 0.204 Thread 0x00f4c800 Exception <a 'java/security/PrivilegedActionException'> (0x050ef910) thrown at [C:\re\workspace\8-2-build-windows-i586-cygwin\jdk8u40\3098\hotspot\src\share\vm\prims\jvm.cpp, line 1382]
Event: 0.333 Thread 0x00f4c800 Exception <a 'java/security/PrivilegedActionException'> (0x04e0c4d0) thrown at [C:\re\workspace\8-2-build-windows-i586-cygwin\jdk8u40\3098\hotspot\src\share\vm\prims\jvm.cpp, line 1382]
Event: 0.333 Thread 0x00f4c800 Exception <a 'java/security/PrivilegedActionException'> (0x04e0deb8) thrown at [C:\re\workspace\8-2-build-windows-i586-cygwin\jdk8u40\3098\hotspot\src\share\vm\prims\jvm.cpp, line 1382]
Event: 0.333 Thread 0x00f4c800 Exception <a 'java/security/PrivilegedActionException'> (0x04e0ee70) thrown at [C:\re\workspace\8-2-build-windows-i586-cygwin\jdk8u40\3098\hotspot\src\share\vm\prims\jvm.cpp, line 1382]
Event: 0.334 Thread 0x00f4c800 Exception <a 'java/security/PrivilegedActionException'> (0x04e13be0) thrown at [C:\re\workspace\8-2-build-windows-i586-cygwin\jdk8u40\3098\hotspot\src\share\vm\prims\jvm.cpp, line 1382]
Event: 0.334 Thread 0x00f4c800 Exception <a 'java/security/PrivilegedActionException'> (0x04e14700) thrown at [C:\re\workspace\8-2-build-windows-i586-cygwin\jdk8u40\3098\hotspot\src\share\vm\prims\jvm.cpp, line 1382]
Event: 0.334 Thread 0x00f4c800 Exception <a 'java/security/PrivilegedActionException'> (0x04e15268) thrown at [C:\re\workspace\8-2-build-windows-i586-cygwin\jdk8u40\3098\hotspot\src\share\vm\prims\jvm.cpp, line 1382]

Events (10 events):
Event: 0.923 loading class com/badlogic/gdx/graphics/g2d/GlyphLayout$GlyphRun done
Event: 0.924 loading class com/badlogic/gdx/utils/FloatArray
Event: 0.924 loading class com/badlogic/gdx/utils/FloatArray done
Event: 0.933 loading class org/lwjgl/opengl/Sync
Event: 0.933 loading class org/lwjgl/opengl/Sync done
Event: 0.934 loading class org/lwjgl/opengl/Sync$RunningAvg
Event: 0.934 loading class org/lwjgl/opengl/Sync$RunningAvg done
Event: 0.935 loading class org/lwjgl/opengl/Sync$1
Event: 0.935 loading class org/lwjgl/opengl/Sync$1 done
Event: 0.939 Thread 0x15d89c00 Thread added: 0x15d89c00


Dynamic libraries:
0x011e0000 - 0x01213000 	C:\Program Files (x86)\BlueJ\jdk\bin\java.exe
0x771e0000 - 0x77360000 	C:\WINDOWS\SysWOW64\ntdll.dll
0x76a80000 - 0x76b90000 	C:\WINDOWS\syswow64\kernel32.dll
0x760c0000 - 0x76107000 	C:\WINDOWS\syswow64\KERNELBASE.dll
0x76d40000 - 0x76de1000 	C:\WINDOWS\syswow64\ADVAPI32.dll
0x763d0000 - 0x7647c000 	C:\WINDOWS\syswow64\msvcrt.dll
0x76170000 - 0x76189000 	C:\WINDOWS\SysWOW64\sechost.dll
0x76820000 - 0x76910000 	C:\WINDOWS\syswow64\RPCRT4.dll
0x74a90000 - 0x74af0000 	C:\WINDOWS\syswow64\SspiCli.dll
0x74a80000 - 0x74a8c000 	C:\WINDOWS\syswow64\CRYPTBASE.dll
0x765f0000 - 0x766f0000 	C:\WINDOWS\syswow64\USER32.dll
0x76240000 - 0x762d0000 	C:\WINDOWS\syswow64\GDI32.dll
0x764b0000 - 0x764ba000 	C:\WINDOWS\syswow64\LPK.dll
0x76910000 - 0x769ad000 	C:\WINDOWS\syswow64\USP10.dll
0x72d70000 - 0x72f0e000 	C:\WINDOWS\WinSxS\x86_microsoft.windows.common-controls_6595b64144ccf1df_6.0.7601.18837_none_41e855142bd5705d\COMCTL32.dll
0x762d0000 - 0x76327000 	C:\WINDOWS\syswow64\SHLWAPI.dll
0x76110000 - 0x76170000 	C:\WINDOWS\system32\IMM32.DLL
0x769b0000 - 0x76a7d000 	C:\WINDOWS\syswow64\MSCTF.dll
0x730e0000 - 0x73171000 	C:\WINDOWS\SysWOW64\tmumh\20019\AddOn\7.0.0.1142\TmUmEvt.dll
0x76230000 - 0x76235000 	C:\WINDOWS\syswow64\PSAPI.DLL
0x72fe0000 - 0x730d2000 	C:\WINDOWS\SysWOW64\tmumh\20019\TmMon\2.5.0.2070\tmmon.dll
0x6d2a0000 - 0x6d35f000 	C:\Program Files (x86)\BlueJ\jdk\jre\bin\msvcr100.dll
0x6b3c0000 - 0x6b780000 	C:\Program Files (x86)\BlueJ\jdk\jre\bin\client\jvm.dll
0x72fd0000 - 0x72fd7000 	C:\WINDOWS\system32\WSOCK32.dll
0x76550000 - 0x76585000 	C:\WINDOWS\syswow64\WS2_32.dll
0x76590000 - 0x76596000 	C:\WINDOWS\syswow64\NSI.dll
0x72f30000 - 0x72f62000 	C:\WINDOWS\system32\WINMM.dll
0x72fc0000 - 0x72fc9000 	C:\WINDOWS\system32\VERSION.dll
0x744d0000 - 0x744dc000 	C:\Program Files (x86)\BlueJ\jdk\jre\bin\verify.dll
0x73570000 - 0x73591000 	C:\Program Files (x86)\BlueJ\jdk\jre\bin\java.dll
0x73550000 - 0x73570000 	C:\Program Files (x86)\BlueJ\jdk\jre\bin\instrument.dll
0x73530000 - 0x73543000 	C:\Program Files (x86)\BlueJ\jdk\jre\bin\zip.dll
0x752d0000 - 0x75f1c000 	C:\WINDOWS\syswow64\SHELL32.dll
0x76b90000 - 0x76ced000 	C:\WINDOWS\syswow64\ole32.dll
0x75080000 - 0x7508b000 	C:\WINDOWS\syswow64\profapi.dll
0x73510000 - 0x73526000 	E:\IntelliJ\bin\breakgen.dll
0x734f0000 - 0x73505000 	C:\Program Files (x86)\BlueJ\jdk\jre\bin\net.dll
0x72f80000 - 0x72fbc000 	C:\WINDOWS\system32\mswsock.dll
0x744b0000 - 0x744b6000 	C:\WINDOWS\System32\wship6.dll
0x6cec0000 - 0x6cf33000 	C:\Users\1911255\AppData\Local\Temp\libgdx1911255\8e8a55dd\gdx.dll
0x73400000 - 0x73417000 	C:\WINDOWS\system32\CRYPTSP.dll
0x733c0000 - 0x733fb000 	C:\WINDOWS\system32\rsaenh.dll
0x765a0000 - 0x765b7000 	C:\WINDOWS\syswow64\USERENV.dll
0x72950000 - 0x7296c000 	C:\WINDOWS\system32\IPHLPAPI.DLL
0x72940000 - 0x72947000 	C:\WINDOWS\system32\WINNSI.DLL
0x71880000 - 0x7188d000 	C:\WINDOWS\system32\dhcpcsvc6.DLL
0x71270000 - 0x71282000 	C:\WINDOWS\system32\dhcpcsvc.DLL
0x734e0000 - 0x734ef000 	C:\Program Files (x86)\BlueJ\jdk\jre\bin\nio.dll
0x00dd0000 - 0x00e1f000 	C:\Users\1911255\AppData\Local\Temp\libgdx1911255\68069333\lwjgl.dll
0x6d1d0000 - 0x6d298000 	C:\WINDOWS\system32\OPENGL32.dll
0x73480000 - 0x734a2000 	C:\WINDOWS\system32\GLU32.dll
0x6d0e0000 - 0x6d1c7000 	C:\WINDOWS\system32\DDRAW.dll
0x734d0000 - 0x734d6000 	C:\WINDOWS\system32\DCIMAN32.dll
0x75f20000 - 0x760bd000 	C:\WINDOWS\syswow64\SETUPAPI.dll
0x765c0000 - 0x765e7000 	C:\WINDOWS\syswow64\CFGMGR32.dll
0x76190000 - 0x76221000 	C:\WINDOWS\syswow64\OLEAUT32.dll
0x764c0000 - 0x764d2000 	C:\WINDOWS\syswow64\DEVOBJ.dll
0x71240000 - 0x71253000 	C:\WINDOWS\system32\dwmapi.dll
0x15970000 - 0x159d5000 	C:\Users\1911255\AppData\Local\Temp\libgdx1911255\68069333\OpenAL32.dll
0x71320000 - 0x713a0000 	C:\WINDOWS\system32\uxtheme.dll
0x76340000 - 0x763c3000 	C:\WINDOWS\syswow64\CLBCatQ.DLL
0x72780000 - 0x72875000 	C:\WINDOWS\System32\PROPSYS.dll
0x76480000 - 0x764af000 	C:\WINDOWS\syswow64\WINTRUST.dll
0x766f0000 - 0x76811000 	C:\WINDOWS\syswow64\CRYPT32.dll
0x74fe0000 - 0x74fec000 	C:\WINDOWS\syswow64\MSASN1.dll
0x6f0b0000 - 0x6f122000 	C:\WINDOWS\system32\dsound.dll
0x73430000 - 0x73455000 	C:\WINDOWS\system32\POWRPROF.dll
0x733b0000 - 0x733c0000 	C:\WINDOWS\system32\LSKHOOK.DLL
0x72880000 - 0x728b9000 	C:\WINDOWS\System32\MMDevApi.dll
0x72740000 - 0x72776000 	C:\WINDOWS\system32\AUDIOSES.DLL
0x6ab70000 - 0x6b3b7000 	C:\WINDOWS\system32\ig7icd32.dll
0x6e6d0000 - 0x6e749000 	C:\WINDOWS\system32\mscms.dll
0x710d0000 - 0x71108000 	C:\WINDOWS\system32\icm32.dll
0x6e9b0000 - 0x6ea9b000 	C:\WINDOWS\system32\dbghelp.dll

VM Arguments:
jvm_args: -javaagent:E:\IntelliJ\lib\idea_rt.jar=52986:E:\IntelliJ\bin -Dfile.encoding=UTF-8 
java_command: GameLauncher
java_class_path (initial): C:\Program Files (x86)\BlueJ\jdk\jre\lib\charsets.jar;C:\Program Files (x86)\BlueJ\jdk\jre\lib\deploy.jar;C:\Program Files (x86)\BlueJ\jdk\jre\lib\ext\access-bridge-32.jar;C:\Program Files (x86)\BlueJ\jdk\jre\lib\ext\cldrdata.jar;C:\Program Files (x86)\BlueJ\jdk\jre\lib\ext\dnsns.jar;C:\Program Files (x86)\BlueJ\jdk\jre\lib\ext\jaccess.jar;C:\Program Files (x86)\BlueJ\jdk\jre\lib\ext\jfxrt.jar;C:\Program Files (x86)\BlueJ\jdk\jre\lib\ext\localedata.jar;C:\Program Files (x86)\BlueJ\jdk\jre\lib\ext\nashorn.jar;C:\Program Files (x86)\BlueJ\jdk\jre\lib\ext\sunec.jar;C:\Program Files (x86)\BlueJ\jdk\jre\lib\ext\sunjce_provider.jar;C:\Program Files (x86)\BlueJ\jdk\jre\lib\ext\sunmscapi.jar;C:\Program Files (x86)\BlueJ\jdk\jre\lib\ext\sunpkcs11.jar;C:\Program Files (x86)\BlueJ\jdk\jre\lib\ext\zipfs.jar;C:\Program Files (x86)\BlueJ\jdk\jre\lib\javaws.jar;C:\Program Files (x86)\BlueJ\jdk\jre\lib\jce.jar;C:\Program Files (x86)\BlueJ\jdk\jre\lib\jfr.jar;C:\Program Files (x86)\BlueJ\jdk\jre\lib\jfxswt.jar;C:\Program Files (x86)\BlueJ\jdk\jre\lib\jsse.jar;C:\Program Files (x86)\BlueJ\jdk\jre\lib\management-agent.jar;C:\Program Files (x86)\BlueJ\jdk\jre\lib\plugin.jar;C:\Program Files (x86)\BlueJ\jdk\jre\lib\resources.jar;C:\Program Files (x86)\BlueJ\jdk\jre\lib\rt.jar;E:\IntelliJ\Projects\GaryComeHome____\out\production\GaryComeHomeV0.1;E:\apcslib.jar;E:\chnutil.jar;E:\gdx-backend-lwjgl-natives.jar;E:\gdx-backend-lwjgl.jar;E:\gdx-natives.jar;E:\gdx.jar;E:\IntelliJ\lib\idea_rt.jar
Launcher Type: SUN_STANDARD

Environment Variables:
PATH=C:\WINDOWS\system32;C:\WINDOWS;C:\WINDOWS\System32\Wbem;C:\WINDOWS\System32\WindowsPowerShell\v1.0\;C:\WINDOWS\System32\WindowsPowerShell\v1.0\;C:\WINDOWS\System32\WindowsPowerShell\v1.0\
USERNAME=1911255
OS=Windows_NT
PROCESSOR_IDENTIFIER=Intel64 Family 6 Model 58 Stepping 9, GenuineIntel



---------------  S Y S T E M  ---------------

OS: Windows 7 , 64 bit Build 7601 (6.1.7601.24094)

CPU:total 4 (4 cores per cpu, 1 threads per core) family 6 model 58 stepping 9, cmov, cx8, fxsr, mmx, sse, sse2, sse3, ssse3, sse4.1, sse4.2, popcnt, avx, aes, clmul, erms, tsc, tscinvbit, tscinv

Memory: 4k page, physical 8272372k(4976960k free), swap 16542868k(12933980k free)

vm_info: Java HotSpot(TM) Client VM (25.40-b25) for windows-x86 JRE (1.8.0_40-b26), built on Mar  7 2015 13:51:08 by "java_re" with MS VC++ 10.0 (VS2010)

time: Tue May 22 11:06:42 2018
elapsed time: 4 seconds (0d 0h 0m 4s)

