#
# A fatal error has been detected by the Java Runtime Environment:
#
#  EXCEPTION_ACCESS_VIOLATION (0xc0000005) at pc=0x75ef9b60, pid=5564, tid=7164
#
# JRE version: Java(TM) SE Runtime Environment (8.0_40-b26) (build 1.8.0_40-b26)
# Java VM: Java HotSpot(TM) Client VM (25.40-b25 mixed mode windows-x86 )
# Problematic frame:
# C  [msvcrt.dll+0x9b60]
#
# Failed to write core dump. Minidumps are not enabled by default on client versions of Windows
#
# If you would like to submit a bug report, please visit:
#   http://bugreport.java.com/bugreport/crash.jsp
# The crash happened outside the Java Virtual Machine in native code.
# See problematic frame for where to report the bug.
#

---------------  T H R E A D  ---------------

Current thread (0x15be4800):  JavaThread "LWJGL Application" [_thread_in_native, id=7164, stack(0x16130000,0x16180000)]

siginfo: ExceptionCode=0xc0000005, writing address 0x15ff12e0

Registers:
EAX=0x0513f9b4, EBX=0x15be4940, ECX=0x00000030, EDX=0x00000000
ESP=0x1617f690, EBP=0x1617f698, ESI=0x0513f8f4, EDI=0x15ff12e0
EIP=0x75ef9b60, EFLAGS=0x00010216

Top of Stack: (sp=0x1617f690)
0x1617f690:   15ff12e0 0513f8f4 1617f6c8 6cec3a6c
0x1617f6a0:   15ff12e0 0513f8f4 000000c0 15201369
0x1617f6b0:   1617f6e4 15205948 00000000 151f2c38
0x1617f6c0:   151f2c38 15be4800 1617f708 02dec0c3
0x1617f6d0:   15be4940 1617f710 1617f724 1617f720
0x1617f6e0:   00000030 00000000 1617f6e8 00000000
0x1617f6f0:   1617f724 151f37c0 00000000 151f2c38
0x1617f700:   00000000 1617f718 1617f748 02de43b4 

Instructions: (pc=0x75ef9b60)
0x75ef9b40:   8b 45 08 5e 5f c9 c3 8a 46 03 88 47 03 8a 46 02
0x75ef9b50:   88 47 02 8a 46 01 88 47 01 8b 45 08 5e 5f c9 c3
0x75ef9b60:   f3 a5 ff 24 95 b8 99 ef 75 8a 06 88 07 8a 46 01
0x75ef9b70:   88 47 01 8b 45 08 5e 5f c9 c3 83 3d 44 00 f9 75 


Register to memory mapping:

EAX=0x0513f9b4 is pointing into object: 0x04e151f0

[error occurred during error reporting (printing register info), id 0xc0000005]

Stack: [0x16130000,0x16180000],  sp=0x1617f690,  free space=317k
Native frames: (J=compiled Java code, j=interpreted, Vv=VM code, C=native code)
C  [msvcrt.dll+0x9b60]
C  [gdx.dll+0x3a6c]
j  com.badlogic.gdx.utils.BufferUtils.copyJni([FLjava/nio/Buffer;II)V+0
j  com.badlogic.gdx.utils.BufferUtils.copy([FLjava/nio/Buffer;II)V+35
j  com.badlogic.gdx.graphics.glutils.VertexBufferObject.setVertices([FII)V+12
j  com.badlogic.gdx.graphics.Mesh.setVertices([FII)Lcom/badlogic/gdx/graphics/Mesh;+7
j  com.badlogic.gdx.graphics.glutils.ImmediateModeRenderer20.flush()V+71
j  com.badlogic.gdx.graphics.glutils.ImmediateModeRenderer20.end()V+1
j  com.badlogic.gdx.graphics.glutils.ShapeRenderer.end()V+4
j  MainMenu.render(F)V+92
j  com.badlogic.gdx.Game.render()V+19
j  com.badlogic.gdx.backends.lwjgl.LwjglApplication.mainLoop()V+684
j  com.badlogic.gdx.backends.lwjgl.LwjglApplication$1.run()V+27
v  ~StubRoutines::call_stub
V  [jvm.dll+0x155c05]
V  [jvm.dll+0x21b0be]
V  [jvm.dll+0x155c9e]
V  [jvm.dll+0x155e26]
V  [jvm.dll+0x155e97]
V  [jvm.dll+0xfafaf]
V  [jvm.dll+0x178f3c]
V  [jvm.dll+0x17902a]
V  [jvm.dll+0x1bd616]
C  [msvcr100.dll+0x5c556]
C  [msvcr100.dll+0x5c600]
C  [kernel32.dll+0x1343d]
C  [ntdll.dll+0x39832]
C  [ntdll.dll+0x39805]
C  0x00000000

Java frames: (J=compiled Java code, j=interpreted, Vv=VM code)
j  com.badlogic.gdx.utils.BufferUtils.copyJni([FLjava/nio/Buffer;II)V+0
j  com.badlogic.gdx.utils.BufferUtils.copy([FLjava/nio/Buffer;II)V+35
j  com.badlogic.gdx.graphics.glutils.VertexBufferObject.setVertices([FII)V+12
j  com.badlogic.gdx.graphics.Mesh.setVertices([FII)Lcom/badlogic/gdx/graphics/Mesh;+7
j  com.badlogic.gdx.graphics.glutils.ImmediateModeRenderer20.flush()V+71
j  com.badlogic.gdx.graphics.glutils.ImmediateModeRenderer20.end()V+1
j  com.badlogic.gdx.graphics.glutils.ShapeRenderer.end()V+4
j  MainMenu.render(F)V+92
j  com.badlogic.gdx.Game.render()V+19
j  com.badlogic.gdx.backends.lwjgl.LwjglApplication.mainLoop()V+684
j  com.badlogic.gdx.backends.lwjgl.LwjglApplication$1.run()V+27
v  ~StubRoutines::call_stub

---------------  P R O C E S S  ---------------

Java Threads: ( => current thread )
  0x15c2cc00 JavaThread "LWJGL Timer" daemon [_thread_blocked, id=5144, stack(0x1b390000,0x1b3e0000)]
  0x00eac800 JavaThread "DestroyJavaVM" [_thread_blocked, id=5328, stack(0x02780000,0x027d0000)]
=>0x15be4800 JavaThread "LWJGL Application" [_thread_in_native, id=7164, stack(0x16130000,0x16180000)]
  0x15373400 JavaThread "Service Thread" daemon [_thread_blocked, id=4344, stack(0x15900000,0x15950000)]
  0x1532b400 JavaThread "C1 CompilerThread0" daemon [_thread_blocked, id=6440, stack(0x15a30000,0x15a80000)]
  0x152e4000 JavaThread "Monitor Ctrl-Break" daemon [_thread_in_native, id=6508, stack(0x15790000,0x157e0000)]
  0x152c8c00 JavaThread "Attach Listener" daemon [_thread_blocked, id=5972, stack(0x154b0000,0x15500000)]
  0x152c7c00 JavaThread "Signal Dispatcher" daemon [_thread_blocked, id=6940, stack(0x15840000,0x15890000)]
  0x15282c00 JavaThread "Finalizer" daemon [_thread_blocked, id=5428, stack(0x02c70000,0x02cc0000)]
  0x1527cc00 JavaThread "Reference Handler" daemon [_thread_blocked, id=3168, stack(0x15460000,0x154b0000)]

Other Threads:
  0x1527a000 VMThread [stack: 0x15500000,0x15550000] [id=1512]
  0x15375400 WatcherThread [stack: 0x15b70000,0x15bc0000] [id=816]

VM state:not at safepoint (normal execution)

VM Mutex/Monitor currently owned by a thread: None

Heap:
 def new generation   total 4928K, used 4342K [0x04e00000, 0x05350000, 0x0a350000)
  eden space 4416K,  86% used [0x04e00000, 0x051bd900, 0x05250000)
  from space 512K, 100% used [0x05250000, 0x052d0000, 0x052d0000)
  to   space 512K,   0% used [0x052d0000, 0x052d0000, 0x05350000)
 tenured generation   total 10944K, used 1246K [0x0a350000, 0x0ae00000, 0x14e00000)
   the space 10944K,  11% used [0x0a350000, 0x0a487aa0, 0x0a487c00, 0x0ae00000)
 Metaspace       used 4408K, capacity 4417K, committed 4480K, reserved 4480K

Card table byte_map: [0x027d0000,0x02860000] byte_map_base: 0x027a9000

Polling page: 0x00c40000

CodeCache: size=32768Kb used=983Kb max_used=983Kb free=31784Kb
 bounds [0x02de0000, 0x02ed8000, 0x04de0000]
 total_blobs=423 nmethods=152 adapters=202
 compilation: enabled

Compilation events (10 events):
Event: 1.381 Thread 0x1532b400  149             com.badlogic.gdx.graphics.g2d.BitmapFont$BitmapFontData::getGlyph (25 bytes)
Event: 1.381 Thread 0x1532b400 nmethod 149 0x02ed39c8 code [0x02ed3ad0, 0x02ed3bd0]
Event: 1.381 Thread 0x1532b400  150             com.badlogic.gdx.utils.FloatArray::get (54 bytes)
Event: 1.381 Thread 0x1532b400 nmethod 150 0x02ed3d08 code [0x02ed3e60, 0x02ed4148]
Event: 1.381 Thread 0x1532b400  151             com.badlogic.gdx.graphics.g2d.BitmapFontCache::addGlyph (395 bytes)
Event: 1.382 Thread 0x1532b400 nmethod 151 0x02ed4408 code [0x02ed4550, 0x02ed490c]
Event: 1.431 Thread 0x1532b400  152   !         org.lwjgl.opengl.Sync::sync (125 bytes)
Event: 1.431 Thread 0x1532b400 nmethod 152 0x02ed4f08 code [0x02ed50d0, 0x02ed560c]
Event: 1.465 Thread 0x1532b400  153             com.badlogic.gdx.graphics.glutils.ShaderProgram::checkManaged (25 bytes)
Event: 1.465 Thread 0x1532b400 nmethod 153 0x02ed5cc8 code [0x02ed5dc0, 0x02ed5e7c]

GC Heap History (4 events):
Event: 0.323 GC heap before
{Heap before GC invocations=0 (full 0):
 def new generation   total 4928K, used 4416K [0x04e00000, 0x05350000, 0x0a350000)
  eden space 4416K, 100% used [0x04e00000, 0x05250000, 0x05250000)
  from space 512K,   0% used [0x05250000, 0x05250000, 0x052d0000)
  to   space 512K,   0% used [0x052d0000, 0x052d0000, 0x05350000)
 tenured generation   total 10944K, used 0K [0x0a350000, 0x0ae00000, 0x14e00000)
   the space 10944K,   0% used [0x0a350000, 0x0a350000, 0x0a350200, 0x0ae00000)
 Metaspace       used 2731K, capacity 2768K, committed 2880K, reserved 4480K
Event: 0.325 GC heap after
Heap after GC invocations=1 (full 0):
 def new generation   total 4928K, used 512K [0x04e00000, 0x05350000, 0x0a350000)
  eden space 4416K,   0% used [0x04e00000, 0x04e00000, 0x05250000)
  from space 512K, 100% used [0x052d0000, 0x05350000, 0x05350000)
  to   space 512K,   0% used [0x05250000, 0x05250000, 0x052d0000)
 tenured generation   total 10944K, used 443K [0x0a350000, 0x0ae00000, 0x14e00000)
   the space 10944K,   4% used [0x0a350000, 0x0a3becb8, 0x0a3bee00, 0x0ae00000)
 Metaspace       used 2731K, capacity 2768K, committed 2880K, reserved 4480K
}
Event: 0.636 GC heap before
{Heap before GC invocations=1 (full 0):
 def new generation   total 4928K, used 4928K [0x04e00000, 0x05350000, 0x0a350000)
  eden space 4416K, 100% used [0x04e00000, 0x05250000, 0x05250000)
  from space 512K, 100% used [0x052d0000, 0x05350000, 0x05350000)
  to   space 512K,   0% used [0x05250000, 0x05250000, 0x052d0000)
 tenured generation   total 10944K, used 443K [0x0a350000, 0x0ae00000, 0x14e00000)
   the space 10944K,   4% used [0x0a350000, 0x0a3becb8, 0x0a3bee00, 0x0ae00000)
 Metaspace       used 3764K, capacity 3809K, committed 3904K, reserved 4480K
Event: 0.640 GC heap after
Heap after GC invocations=2 (full 0):
 def new generation   total 4928K, used 512K [0x04e00000, 0x05350000, 0x0a350000)
  eden space 4416K,   0% used [0x04e00000, 0x04e00000, 0x05250000)
  from space 512K, 100% used [0x05250000, 0x052d0000, 0x052d0000)
  to   space 512K,   0% used [0x052d0000, 0x052d0000, 0x05350000)
 tenured generation   total 10944K, used 1246K [0x0a350000, 0x0ae00000, 0x14e00000)
   the space 10944K,  11% used [0x0a350000, 0x0a487aa0, 0x0a487c00, 0x0ae00000)
 Metaspace       used 3764K, capacity 3809K, committed 3904K, reserved 4480K
}

Deoptimization events (0 events):
No events

Internal exceptions (10 events):
Event: 0.200 Thread 0x00eac800 Exception <a 'java/security/PrivilegedActionException'> (0x050ed7f8) thrown at [C:\re\workspace\8-2-build-windows-i586-cygwin\jdk8u40\3098\hotspot\src\share\vm\prims\jvm.cpp, line 1382]
Event: 0.200 Thread 0x00eac800 Exception <a 'java/security/PrivilegedActionException'> (0x050ed9a8) thrown at [C:\re\workspace\8-2-build-windows-i586-cygwin\jdk8u40\3098\hotspot\src\share\vm\prims\jvm.cpp, line 1382]
Event: 0.201 Thread 0x00eac800 Exception <a 'java/security/PrivilegedActionException'> (0x050f1478) thrown at [C:\re\workspace\8-2-build-windows-i586-cygwin\jdk8u40\3098\hotspot\src\share\vm\prims\jvm.cpp, line 1382]
Event: 0.201 Thread 0x00eac800 Exception <a 'java/security/PrivilegedActionException'> (0x050f1628) thrown at [C:\re\workspace\8-2-build-windows-i586-cygwin\jdk8u40\3098\hotspot\src\share\vm\prims\jvm.cpp, line 1382]
Event: 0.337 Thread 0x00eac800 Exception <a 'java/security/PrivilegedActionException'> (0x04e1c810) thrown at [C:\re\workspace\8-2-build-windows-i586-cygwin\jdk8u40\3098\hotspot\src\share\vm\prims\jvm.cpp, line 1382]
Event: 0.337 Thread 0x00eac800 Exception <a 'java/security/PrivilegedActionException'> (0x04e1e1f8) thrown at [C:\re\workspace\8-2-build-windows-i586-cygwin\jdk8u40\3098\hotspot\src\share\vm\prims\jvm.cpp, line 1382]
Event: 0.337 Thread 0x00eac800 Exception <a 'java/security/PrivilegedActionException'> (0x04e1f1b0) thrown at [C:\re\workspace\8-2-build-windows-i586-cygwin\jdk8u40\3098\hotspot\src\share\vm\prims\jvm.cpp, line 1382]
Event: 0.337 Thread 0x00eac800 Exception <a 'java/security/PrivilegedActionException'> (0x04e23f20) thrown at [C:\re\workspace\8-2-build-windows-i586-cygwin\jdk8u40\3098\hotspot\src\share\vm\prims\jvm.cpp, line 1382]
Event: 0.337 Thread 0x00eac800 Exception <a 'java/security/PrivilegedActionException'> (0x04e24a40) thrown at [C:\re\workspace\8-2-build-windows-i586-cygwin\jdk8u40\3098\hotspot\src\share\vm\prims\jvm.cpp, line 1382]
Event: 0.337 Thread 0x00eac800 Exception <a 'java/security/PrivilegedActionException'> (0x04e25520) thrown at [C:\re\workspace\8-2-build-windows-i586-cygwin\jdk8u40\3098\hotspot\src\share\vm\prims\jvm.cpp, line 1382]

Events (10 events):
Event: 0.938 loading class com/badlogic/gdx/graphics/g2d/GlyphLayout$GlyphRun done
Event: 0.938 loading class com/badlogic/gdx/utils/FloatArray
Event: 0.938 loading class com/badlogic/gdx/utils/FloatArray done
Event: 0.947 loading class org/lwjgl/opengl/Sync
Event: 0.947 loading class org/lwjgl/opengl/Sync done
Event: 0.951 loading class org/lwjgl/opengl/Sync$RunningAvg
Event: 0.951 loading class org/lwjgl/opengl/Sync$RunningAvg done
Event: 0.953 loading class org/lwjgl/opengl/Sync$1
Event: 0.953 loading class org/lwjgl/opengl/Sync$1 done
Event: 0.954 Thread 0x15c2cc00 Thread added: 0x15c2cc00


Dynamic libraries:
0x01340000 - 0x01373000 	C:\Program Files (x86)\BlueJ\jdk\bin\java.exe
0x76f50000 - 0x770d0000 	C:\WINDOWS\SysWOW64\ntdll.dll
0x74c40000 - 0x74d50000 	C:\WINDOWS\syswow64\kernel32.dll
0x75d50000 - 0x75d97000 	C:\WINDOWS\syswow64\KERNELBASE.dll
0x769d0000 - 0x76a71000 	C:\WINDOWS\syswow64\ADVAPI32.dll
0x75ef0000 - 0x75f9c000 	C:\WINDOWS\syswow64\msvcrt.dll
0x74d70000 - 0x74d89000 	C:\WINDOWS\SysWOW64\sechost.dll
0x761f0000 - 0x762e0000 	C:\WINDOWS\syswow64\RPCRT4.dll
0x74800000 - 0x74860000 	C:\WINDOWS\syswow64\SspiCli.dll
0x747f0000 - 0x747fc000 	C:\WINDOWS\syswow64\CRYPTBASE.dll
0x75b20000 - 0x75c20000 	C:\WINDOWS\syswow64\USER32.dll
0x76150000 - 0x761e0000 	C:\WINDOWS\syswow64\GDI32.dll
0x74d50000 - 0x74d5a000 	C:\WINDOWS\syswow64\LPK.dll
0x76430000 - 0x764cd000 	C:\WINDOWS\syswow64\USP10.dll
0x72ae0000 - 0x72c7e000 	C:\WINDOWS\WinSxS\x86_microsoft.windows.common-controls_6595b64144ccf1df_6.0.7601.18837_none_41e855142bd5705d\COMCTL32.dll
0x76ac0000 - 0x76b17000 	C:\WINDOWS\syswow64\SHLWAPI.dll
0x76970000 - 0x769d0000 	C:\WINDOWS\system32\IMM32.DLL
0x74b20000 - 0x74bed000 	C:\WINDOWS\syswow64\MSCTF.dll
0x742d0000 - 0x74361000 	C:\WINDOWS\SysWOW64\tmumh\20019\AddOn\7.0.0.1142\TmUmEvt.dll
0x76b60000 - 0x76b65000 	C:\WINDOWS\syswow64\PSAPI.DLL
0x741d0000 - 0x742c2000 	C:\WINDOWS\SysWOW64\tmumh\20019\TmMon\2.5.0.2070\tmmon.dll
0x730d0000 - 0x7318f000 	C:\Program Files (x86)\BlueJ\jdk\jre\bin\msvcr100.dll
0x6d8e0000 - 0x6dca0000 	C:\Program Files (x86)\BlueJ\jdk\jre\bin\client\jvm.dll
0x72d40000 - 0x72d47000 	C:\WINDOWS\system32\WSOCK32.dll
0x75ae0000 - 0x75b15000 	C:\WINDOWS\syswow64\WS2_32.dll
0x761e0000 - 0x761e6000 	C:\WINDOWS\syswow64\NSI.dll
0x72ca0000 - 0x72cd2000 	C:\WINDOWS\system32\WINMM.dll
0x72d30000 - 0x72d39000 	C:\WINDOWS\system32\VERSION.dll
0x730c0000 - 0x730cc000 	C:\Program Files (x86)\BlueJ\jdk\jre\bin\verify.dll
0x73090000 - 0x730b1000 	C:\Program Files (x86)\BlueJ\jdk\jre\bin\java.dll
0x73070000 - 0x73090000 	C:\Program Files (x86)\BlueJ\jdk\jre\bin\instrument.dll
0x72ec0000 - 0x72ed3000 	C:\Program Files (x86)\BlueJ\jdk\jre\bin\zip.dll
0x74e20000 - 0x75a6c000 	C:\WINDOWS\syswow64\SHELL32.dll
0x76740000 - 0x7689d000 	C:\WINDOWS\syswow64\ole32.dll
0x76b50000 - 0x76b5b000 	C:\WINDOWS\syswow64\profapi.dll
0x72e70000 - 0x72e86000 	E:\IntelliJ\IntelliJ IDEA Community Edition 2017.3.5\bin\breakgen.dll
0x70f60000 - 0x70f75000 	C:\Program Files (x86)\BlueJ\jdk\jre\bin\net.dll
0x72cf0000 - 0x72d2c000 	C:\WINDOWS\system32\mswsock.dll
0x73060000 - 0x73066000 	C:\WINDOWS\System32\wship6.dll
0x6cec0000 - 0x6cf33000 	C:\Users\1836951\AppData\Local\Temp\libgdx1836951\8e8a55dd\gdx.dll
0x72e90000 - 0x72ea7000 	C:\WINDOWS\system32\CRYPTSP.dll
0x71110000 - 0x7114b000 	C:\WINDOWS\system32\rsaenh.dll
0x76a80000 - 0x76a97000 	C:\WINDOWS\syswow64\USERENV.dll
0x726c0000 - 0x726dc000 	C:\WINDOWS\system32\IPHLPAPI.DLL
0x726b0000 - 0x726b7000 	C:\WINDOWS\system32\WINNSI.DLL
0x745f0000 - 0x745fd000 	C:\WINDOWS\system32\dhcpcsvc6.DLL
0x745d0000 - 0x745e2000 	C:\WINDOWS\system32\dhcpcsvc.DLL
0x72eb0000 - 0x72ebf000 	C:\Program Files (x86)\BlueJ\jdk\jre\bin\nio.dll
0x15660000 - 0x156af000 	C:\Users\1836951\AppData\Local\Temp\libgdx1836951\68069333\lwjgl.dll
0x6d810000 - 0x6d8d8000 	C:\WINDOWS\system32\OPENGL32.dll
0x707a0000 - 0x707c2000 	C:\WINDOWS\system32\GLU32.dll
0x6d720000 - 0x6d807000 	C:\WINDOWS\system32\DDRAW.dll
0x70f50000 - 0x70f56000 	C:\WINDOWS\system32\DCIMAN32.dll
0x75fb0000 - 0x7614d000 	C:\WINDOWS\syswow64\SETUPAPI.dll
0x74bf0000 - 0x74c17000 	C:\WINDOWS\syswow64\CFGMGR32.dll
0x75c20000 - 0x75cb1000 	C:\WINDOWS\syswow64\OLEAUT32.dll
0x76aa0000 - 0x76ab2000 	C:\WINDOWS\syswow64\DEVOBJ.dll
0x74720000 - 0x74733000 	C:\WINDOWS\system32\dwmapi.dll
0x15890000 - 0x158f5000 	C:\Users\1836951\AppData\Local\Temp\libgdx1836951\68069333\OpenAL32.dll
0x74750000 - 0x747d0000 	C:\WINDOWS\system32\uxtheme.dll
0x74d90000 - 0x74e13000 	C:\WINDOWS\syswow64\CLBCatQ.DLL
0x724f0000 - 0x725e5000 	C:\WINDOWS\System32\PROPSYS.dll
0x76b20000 - 0x76b4f000 	C:\WINDOWS\syswow64\WINTRUST.dll
0x75da0000 - 0x75ec1000 	C:\WINDOWS\syswow64\CRYPT32.dll
0x74c20000 - 0x74c2c000 	C:\WINDOWS\syswow64\MSASN1.dll
0x700a0000 - 0x70112000 	C:\WINDOWS\system32\dsound.dll
0x6f670000 - 0x6f695000 	C:\WINDOWS\system32\POWRPROF.dll
0x74740000 - 0x74750000 	C:\WINDOWS\system32\LSKHOOK.DLL
0x725f0000 - 0x72629000 	C:\WINDOWS\System32\MMDevApi.dll
0x724b0000 - 0x724e6000 	C:\WINDOWS\system32\AUDIOSES.DLL
0x6a490000 - 0x6acd7000 	C:\WINDOWS\system32\ig7icd32.dll
0x6edb0000 - 0x6ee29000 	C:\WINDOWS\system32\mscms.dll
0x6ec00000 - 0x6ec38000 	C:\WINDOWS\system32\icm32.dll
0x6d630000 - 0x6d71b000 	C:\WINDOWS\system32\dbghelp.dll

VM Arguments:
jvm_args: -javaagent:E:\IntelliJ\IntelliJ IDEA Community Edition 2017.3.5\lib\idea_rt.jar=53793:E:\IntelliJ\IntelliJ IDEA Community Edition 2017.3.5\bin -Dfile.encoding=UTF-8 
java_command: GameLauncher
java_class_path (initial): C:\Program Files (x86)\BlueJ\jdk\jre\lib\charsets.jar;C:\Program Files (x86)\BlueJ\jdk\jre\lib\deploy.jar;C:\Program Files (x86)\BlueJ\jdk\jre\lib\ext\access-bridge-32.jar;C:\Program Files (x86)\BlueJ\jdk\jre\lib\ext\cldrdata.jar;C:\Program Files (x86)\BlueJ\jdk\jre\lib\ext\dnsns.jar;C:\Program Files (x86)\BlueJ\jdk\jre\lib\ext\jaccess.jar;C:\Program Files (x86)\BlueJ\jdk\jre\lib\ext\jfxrt.jar;C:\Program Files (x86)\BlueJ\jdk\jre\lib\ext\localedata.jar;C:\Program Files (x86)\BlueJ\jdk\jre\lib\ext\nashorn.jar;C:\Program Files (x86)\BlueJ\jdk\jre\lib\ext\sunec.jar;C:\Program Files (x86)\BlueJ\jdk\jre\lib\ext\sunjce_provider.jar;C:\Program Files (x86)\BlueJ\jdk\jre\lib\ext\sunmscapi.jar;C:\Program Files (x86)\BlueJ\jdk\jre\lib\ext\sunpkcs11.jar;C:\Program Files (x86)\BlueJ\jdk\jre\lib\ext\zipfs.jar;C:\Program Files (x86)\BlueJ\jdk\jre\lib\javaws.jar;C:\Program Files (x86)\BlueJ\jdk\jre\lib\jce.jar;C:\Program Files (x86)\BlueJ\jdk\jre\lib\jfr.jar;C:\Program Files (x86)\BlueJ\jdk\jre\lib\jfxswt.jar;C:\Program Files (x86)\BlueJ\jdk\jre\lib\jsse.jar;C:\Program Files (x86)\BlueJ\jdk\jre\lib\management-agent.jar;C:\Program Files (x86)\BlueJ\jdk\jre\lib\plugin.jar;C:\Program Files (x86)\BlueJ\jdk\jre\lib\resources.jar;C:\Program Files (x86)\BlueJ\jdk\jre\lib\rt.jar;E:\IntelliJ Labs\GaryComeHomeV0.1\out\production\GaryComeHomeV0.1;E:\apcslib.jar;E:\chnutil.jar;E:\gdx-backend-lwjgl-natives.jar;E:\gdx-backend-lwjgl.jar;E:\gdx-natives.jar;E:\gdx.jar;E:\IntelliJ\IntelliJ IDEA Community Edition 2017.3.5\lib\idea_rt.jar
Launcher Type: SUN_STANDARD

Environment Variables:
PATH=C:\ProgramData\Oracle\Java\javapath;C:\WINDOWS\system32;C:\WINDOWS;C:\WINDOWS\System32\Wbem;C:\WINDOWS\System32\WindowsPowerShell\v1.0\;C:\WINDOWS\System32\WindowsPowerShell\v1.0\
USERNAME=1836951
OS=Windows_NT
PROCESSOR_IDENTIFIER=Intel64 Family 6 Model 58 Stepping 9, GenuineIntel



---------------  S Y S T E M  ---------------

OS: Windows 7 , 64 bit Build 7601 (6.1.7601.24094)

CPU:total 4 (4 cores per cpu, 1 threads per core) family 6 model 58 stepping 9, cmov, cx8, fxsr, mmx, sse, sse2, sse3, ssse3, sse4.1, sse4.2, popcnt, avx, aes, clmul, erms, tsc, tscinvbit, tscinv

Memory: 4k page, physical 8272372k(5001868k free), swap 16542868k(13030456k free)

vm_info: Java HotSpot(TM) Client VM (25.40-b25) for windows-x86 JRE (1.8.0_40-b26), built on Mar  7 2015 13:51:08 by "java_re" with MS VC++ 10.0 (VS2010)

time: Tue May 22 10:52:40 2018
elapsed time: 1 seconds (0d 0h 0m 1s)

